#
# There is insufficient memory for the Java Runtime Environment to continue.
# Native memory allocation (malloc) failed to allocate 32744 bytes for ChunkPool::allocate
# Possible reasons:
#   The system is out of physical RAM or swap space
#   The process is running with CompressedOops enabled, and the Java Heap may be blocking the growth of the native heap
# Possible solutions:
#   Reduce memory load on the system
#   Increase physical memory or swap space
#   Check if swap backing store is full
#   Decrease Java heap size (-Xmx/-Xms)
#   Decrease number of Java threads
#   Decrease Java thread stack sizes (-Xss)
#   Set larger code cache with -XX:ReservedCodeCacheSize=
#   JVM is running with Unscaled Compressed Oops mode in which the Java heap is
#     placed in the first 4GB address space. The Java Heap base address is the
#     maximum limit for the native heap growth. Please use -XX:HeapBaseMinAddress
#     to set the Java Heap base and to place the Java Heap above 4GB virtual address.
# This output file may be truncated or incomplete.
#
#  Out of Memory Error (arena.cpp:78), pid=18048, tid=14928
#
# JRE version: Java(TM) SE Runtime Environment (17.0.10+11) (build 17.0.10+11-LTS-240)
# Java VM: Java HotSpot(TM) 64-Bit Server VM (17.0.10+11-LTS-240, mixed mode, sharing, tiered, compressed oops, compressed class ptrs, g1 gc, windows-amd64)
# No core dump will be written. Minidumps are not enabled by default on client versions of Windows
#

---------------  S U M M A R Y ------------

Command Line: -XX:MaxMetaspaceSize=512m --add-opens=java.base/java.util=ALL-UNNAMED --add-opens=java.base/java.lang=ALL-UNNAMED --add-opens=java.base/java.lang.invoke=ALL-UNNAMED --add-opens=java.prefs/java.util.prefs=ALL-UNNAMED --add-opens=java.base/java.nio.charset=ALL-UNNAMED --add-opens=java.base/java.net=ALL-UNNAMED --add-opens=java.base/java.util.concurrent.atomic=ALL-UNNAMED -Xmx2048m -Dfile.encoding=utf8 -Duser.country=US -Duser.language=en -Duser.variant -javaagent:C:\Users\PMLS\.gradle\wrapper\dists\gradle-8.3-all\6en3ugtfdg5xnpx44z4qbwgas\gradle-8.3\lib\agents\gradle-instrumentation-agent-8.3.jar org.gradle.launcher.daemon.bootstrap.GradleDaemon 8.3

Host: 12th Gen Intel(R) Core(TM) i5-1235U, 12 cores, 7G,  Windows 11 , 64 bit Build 22621 (10.0.22621.3235)
Time: Tue Apr 16 20:55:10 2024 Pakistan Standard Time elapsed time: 142.553719 seconds (0d 0h 2m 22s)

---------------  T H R E A D  ---------------

Current thread (0x000002313f3bd6f0):  JavaThread "C2 CompilerThread0" daemon [_thread_in_native, id=14928, stack(0x0000008003a00000,0x0000008003b00000)]


Current CompileTask:
C2: 142554 20073   !   4       org.gradle.api.internal.attributes.DefaultImmutableAttributesFactory::doConcatIsolatable (128 bytes)

Stack: [0x0000008003a00000,0x0000008003b00000]
Native frames: (J=compiled Java code, j=interpreted, Vv=VM code, C=native code)
V  [jvm.dll+0x677a5a]
V  [jvm.dll+0x7d8b2d]
V  [jvm.dll+0x7da48e]
V  [jvm.dll+0x7daaf3]
V  [jvm.dll+0x2455ff]
V  [jvm.dll+0xaad50]
V  [jvm.dll+0xab09c]
V  [jvm.dll+0x8b2e9]
V  [jvm.dll+0x6052a7]
V  [jvm.dll+0x60aa77]
V  [jvm.dll+0x60b8dc]
V  [jvm.dll+0x609db4]
V  [jvm.dll+0x2177ce]
V  [jvm.dll+0x216d81]
V  [jvm.dll+0x1a3410]
V  [jvm.dll+0x226aeb]
V  [jvm.dll+0x224cab]
V  [jvm.dll+0x78e45c]
V  [jvm.dll+0x78888a]
V  [jvm.dll+0x676935]
C  [ucrtbase.dll+0x29363]
C  [KERNEL32.DLL+0x1257d]
C  [ntdll.dll+0x5aa58]


---------------  P R O C E S S  ---------------

Threads class SMR info:
_java_thread_list=0x00000231712b2370, length=126, elements={
0x000002311edd2bb0, 0x000002313f3a18d0, 0x000002313f3a2750, 0x000002313f3b74e0,
0x000002313f3b90b0, 0x000002313f3bbb80, 0x000002313f3bc540, 0x000002313f3bd6f0,
0x000002313f3be1a0, 0x000002313f3c8bc0, 0x000002313f6070e0, 0x000002313f60a890,
0x000002313f608520, 0x000002313f608a30, 0x000002313f6075f0, 0x000002313f607b00,
0x000002313f608f40, 0x000002313f608010, 0x000002313f609450, 0x000002313f609960,
0x000002313f60a380, 0x00000231606c4570, 0x00000231606c59b0, 0x00000231606c5ec0,
0x00000231606c4a80, 0x00000231606c4060, 0x00000231606c63d0, 0x00000231606c9b80,
0x00000231606c4f90, 0x00000231606c68e0, 0x00000231606c7300, 0x00000231606ca090,
0x00000231606c6df0, 0x00000231606c54a0, 0x00000231606c7d20, 0x00000231606cafc0,
0x00000231606c7810, 0x00000231606caab0, 0x000002313f885c70, 0x000002313f8829d0,
0x000002313f884320, 0x000002313f883e10, 0x000002313f885250, 0x000002313f8833f0,
0x000002313f883900, 0x000002313f884830, 0x000002313f886180, 0x000002313f885760,
0x000002313f882ee0, 0x0000023163090060, 0x000002316308cdc0, 0x000002316308be90,
0x00000231630923d0, 0x0000023163090f90, 0x000002316308dcf0, 0x000002316308ec20,
0x0000023163090a80, 0x000002316308af60, 0x000002316308d2d0, 0x00000231630914a0,
0x000002316308fb50, 0x0000023163090570, 0x000002316308c3a0, 0x0000023163596d60,
0x0000023163596850, 0x0000023163597270, 0x0000023163592170, 0x00000231635981a0,
0x0000023163590d30, 0x000002316308c8b0, 0x00000231707f8fa0, 0x00000231707f99c0,
0x00000231707f94b0, 0x00000231707fcc60, 0x00000231707fb820, 0x00000231707fefd0,
0x00000231707f8580, 0x00000231707fae00, 0x00000231707fa8f0, 0x00000231707f9ed0,
0x00000231707fdb90, 0x00000231707fe0a0, 0x00000231707fc750, 0x00000231707fb310,
0x00000231707fbd30, 0x00000231707fc240, 0x00000231707f8a90, 0x00000231707fd170,
0x00000231707ff4e0, 0x00000231707f8070, 0x00000231707fd680, 0x00000231707fe5b0,
0x00000231707fa3e0, 0x00000231707feac0, 0x00000231707ff9f0, 0x000002315f034750,
0x000002315f034c60, 0x000002315f031ed0, 0x000002315f0365b0, 0x000002315f0323e0,
0x000002315f034240, 0x000002315f0328f0, 0x000002315f0314b0, 0x000002315f033820,
0x000002315f0360a0, 0x000002315f036ac0, 0x000002315f035170, 0x000002315f032e00,
0x000002315f035680, 0x000002315f033d30, 0x000002315f033310, 0x000002315f035b90,
0x000002315f036fd0, 0x000002315f0374e0, 0x000002315f030fa0, 0x000002315f030a90,
0x0000023163597780, 0x00000231628dc5e0, 0x00000231628d79f0, 0x00000231628dd510,
0x00000231628dc0d0, 0x00000231628d9d60, 0x00000231628ddf30, 0x00000231628d9340,
0x00000231628d8e30, 0x00000231628d9850
}

Java Threads: ( => current thread )
  0x000002311edd2bb0 JavaThread "main" [_thread_blocked, id=9192, stack(0x0000008002d00000,0x0000008002e00000)]
  0x000002313f3a18d0 JavaThread "Reference Handler" daemon [_thread_blocked, id=3616, stack(0x0000008003400000,0x0000008003500000)]
  0x000002313f3a2750 JavaThread "Finalizer" daemon [_thread_blocked, id=2284, stack(0x0000008003500000,0x0000008003600000)]
  0x000002313f3b74e0 JavaThread "Signal Dispatcher" daemon [_thread_blocked, id=21036, stack(0x0000008003600000,0x0000008003700000)]
  0x000002313f3b90b0 JavaThread "Attach Listener" daemon [_thread_blocked, id=16908, stack(0x0000008003700000,0x0000008003800000)]
  0x000002313f3bbb80 JavaThread "Service Thread" daemon [_thread_blocked, id=14760, stack(0x0000008003800000,0x0000008003900000)]
  0x000002313f3bc540 JavaThread "Monitor Deflation Thread" daemon [_thread_blocked, id=16076, stack(0x0000008003900000,0x0000008003a00000)]
=>0x000002313f3bd6f0 JavaThread "C2 CompilerThread0" daemon [_thread_in_native, id=14928, stack(0x0000008003a00000,0x0000008003b00000)]
  0x000002313f3be1a0 JavaThread "C1 CompilerThread0" daemon [_thread_blocked, id=13160, stack(0x0000008003b00000,0x0000008003c00000)]
  0x000002313f3c8bc0 JavaThread "Sweeper thread" daemon [_thread_blocked, id=12240, stack(0x0000008003c00000,0x0000008003d00000)]
  0x000002313f6070e0 JavaThread "Common-Cleaner" daemon [_thread_blocked, id=2648, stack(0x0000008003d00000,0x0000008003e00000)]
  0x000002313f60a890 JavaThread "Notification Thread" daemon [_thread_blocked, id=18308, stack(0x0000008003e00000,0x0000008003f00000)]
  0x000002313f608520 JavaThread "Daemon health stats" [_thread_blocked, id=9008, stack(0x0000008004400000,0x0000008004500000)]
  0x000002313f608a30 JavaThread "Incoming local TCP Connector on port 59253" [_thread_in_native, id=9784, stack(0x0000008004500000,0x0000008004600000)]
  0x000002313f6075f0 JavaThread "Daemon periodic checks" [_thread_blocked, id=9608, stack(0x0000008004600000,0x0000008004700000)]
  0x000002313f607b00 JavaThread "Daemon" [_thread_blocked, id=9632, stack(0x0000008004700000,0x0000008004800000)]
  0x000002313f608f40 JavaThread "Handler for socket connection from /127.0.0.1:59253 to /127.0.0.1:59254" [_thread_in_native, id=19248, stack(0x0000008004800000,0x0000008004900000)]
  0x000002313f608010 JavaThread "Cancel handler" [_thread_blocked, id=21624, stack(0x0000008004900000,0x0000008004a00000)]
  0x000002313f609450 JavaThread "Daemon worker" [_thread_in_vm, id=23432, stack(0x0000008004a00000,0x0000008004b00000)]
  0x000002313f609960 JavaThread "Asynchronous log dispatcher for DefaultDaemonConnection: socket connection from /127.0.0.1:59253 to /127.0.0.1:59254" [_thread_blocked, id=21972, stack(0x0000008004b00000,0x0000008004c00000)]
  0x000002313f60a380 JavaThread "Daemon client event forwarder" [_thread_blocked, id=21008, stack(0x0000008004d00000,0x0000008004e00000)]
  0x00000231606c4570 JavaThread "Cache worker for journal cache (C:\Users\PMLS\.gradle\caches\journal-1)" [_thread_blocked, id=5132, stack(0x0000008004e00000,0x0000008004f00000)]
  0x00000231606c59b0 JavaThread "File lock request listener" [_thread_in_native, id=24488, stack(0x0000008004f00000,0x0000008005000000)]
  0x00000231606c5ec0 JavaThread "Cache worker for file hash cache (C:\Users\PMLS\.gradle\caches\8.3\fileHashes)" [_thread_blocked, id=12872, stack(0x0000008005000000,0x0000008005100000)]
  0x00000231606c4a80 JavaThread "File watcher server" daemon [_thread_in_native, id=17020, stack(0x0000008005600000,0x0000008005700000)]
  0x00000231606c4060 JavaThread "File watcher consumer" daemon [_thread_blocked, id=12204, stack(0x0000008005700000,0x0000008005800000)]
  0x00000231606c63d0 JavaThread "jar transforms" [_thread_blocked, id=15532, stack(0x0000008005800000,0x0000008005900000)]
  0x00000231606c9b80 JavaThread "jar transforms Thread 2" [_thread_blocked, id=7440, stack(0x0000008005900000,0x0000008005a00000)]
  0x00000231606c4f90 JavaThread "jar transforms Thread 3" [_thread_blocked, id=24520, stack(0x0000008005a00000,0x0000008005b00000)]
  0x00000231606c68e0 JavaThread "Cache worker for checksums cache (C:\Users\PMLS\Desktop\ApexCashApp\ApexCashApp\android\.gradle\8.3\checksums)" [_thread_blocked, id=16704, stack(0x0000008005d00000,0x0000008005e00000)]
  0x00000231606c7300 JavaThread "Cache worker for file hash cache (C:\Users\PMLS\Desktop\ApexCashApp\ApexCashApp\android\.gradle\8.3\fileHashes)" [_thread_blocked, id=21692, stack(0x0000008005e00000,0x0000008005f00000)]
  0x00000231606ca090 JavaThread "Cache worker for cache directory md-supplier (C:\Users\PMLS\.gradle\caches\8.3\md-supplier)" [_thread_blocked, id=14640, stack(0x0000008005f00000,0x0000008006000000)]
  0x00000231606c6df0 JavaThread "Cache worker for file content cache (C:\Users\PMLS\.gradle\caches\8.3\fileContent)" [_thread_blocked, id=20728, stack(0x0000008006000000,0x0000008006100000)]
  0x00000231606c54a0 JavaThread "Cache worker for cache directory md-rule (C:\Users\PMLS\.gradle\caches\8.3\md-rule)" [_thread_blocked, id=1288, stack(0x0000008006100000,0x0000008006200000)]
  0x00000231606c7d20 JavaThread "Cache worker for execution history cache (C:\Users\PMLS\.gradle\caches\8.3\executionHistory)" [_thread_blocked, id=14824, stack(0x0000008006200000,0x0000008006300000)]
  0x00000231606cafc0 JavaThread "jar transforms Thread 4" [_thread_blocked, id=19152, stack(0x0000008006500000,0x0000008006600000)]
  0x00000231606c7810 JavaThread "jar transforms Thread 5" [_thread_blocked, id=22340, stack(0x0000008006600000,0x0000008006700000)]
  0x00000231606caab0 JavaThread "jar transforms Thread 6" [_thread_blocked, id=23968, stack(0x0000008006700000,0x0000008006800000)]
  0x000002313f885c70 JavaThread "jar transforms Thread 7" [_thread_blocked, id=12656, stack(0x0000008006800000,0x0000008006900000)]
  0x000002313f8829d0 JavaThread "jar transforms Thread 8" [_thread_blocked, id=11640, stack(0x0000008006900000,0x0000008006a00000)]
  0x000002313f884320 JavaThread "jar transforms Thread 9" [_thread_blocked, id=14828, stack(0x0000008006a00000,0x0000008006b00000)]
  0x000002313f883e10 JavaThread "jar transforms Thread 10" [_thread_blocked, id=18004, stack(0x0000008006b00000,0x0000008006c00000)]
  0x000002313f885250 JavaThread "jar transforms Thread 11" [_thread_blocked, id=8172, stack(0x0000008006c00000,0x0000008006d00000)]
  0x000002313f8833f0 JavaThread "jar transforms Thread 12" [_thread_blocked, id=10276, stack(0x0000008006d00000,0x0000008006e00000)]
  0x000002313f883900 JavaThread "File lock release action executor" [_thread_blocked, id=1352, stack(0x0000008002a00000,0x0000008002b00000)]
  0x000002313f884830 JavaThread "Cache worker for kotlin-dsl (C:\Users\PMLS\.gradle\caches\8.3\kotlin-dsl)" [_thread_blocked, id=15112, stack(0x0000008002b00000,0x0000008002c00000)]
  0x000002313f886180 JavaThread "Unconstrained build operations" [_thread_blocked, id=19156, stack(0x0000008002c00000,0x0000008002d00000)]
  0x000002313f885760 JavaThread "Unconstrained build operations Thread 2" [_thread_blocked, id=21864, stack(0x0000008004c00000,0x0000008004d00000)]
  0x000002313f882ee0 JavaThread "Cache worker for dependencies-accessors (C:\Users\PMLS\Desktop\ApexCashApp\ApexCashApp\android\.gradle\8.3\dependencies-accessors)" [_thread_blocked, id=22576, stack(0x0000008007000000,0x0000008007100000)]
  0x0000023163090060 JavaThread "Cache worker for Build Output Cleanup Cache (C:\Users\PMLS\Desktop\ApexCashApp\ApexCashApp\node_modules\@react-native\gradle-plugin\.gradle\buildOutputCleanup)" [_thread_blocked, id=17808, stack(0x0000008007100000,0x0000008007200000)]
  0x000002316308cdc0 JavaThread "Unconstrained build operations Thread 3" [_thread_blocked, id=8212, stack(0x0000008007200000,0x0000008007300000)]
  0x000002316308be90 JavaThread "Unconstrained build operations Thread 4" [_thread_blocked, id=11832, stack(0x0000008007300000,0x0000008007400000)]
  0x00000231630923d0 JavaThread "Unconstrained build operations Thread 5" [_thread_blocked, id=16784, stack(0x0000008007400000,0x0000008007500000)]
  0x0000023163090f90 JavaThread "Unconstrained build operations Thread 6" [_thread_blocked, id=12100, stack(0x0000008007500000,0x0000008007600000)]
  0x000002316308dcf0 JavaThread "Unconstrained build operations Thread 7" [_thread_blocked, id=9124, stack(0x0000008007600000,0x0000008007700000)]
  0x000002316308ec20 JavaThread "Unconstrained build operations Thread 8" [_thread_blocked, id=7756, stack(0x0000008007700000,0x0000008007800000)]
  0x0000023163090a80 JavaThread "Unconstrained build operations Thread 9" [_thread_blocked, id=4784, stack(0x0000008007800000,0x0000008007900000)]
  0x000002316308af60 JavaThread "Unconstrained build operations Thread 10" [_thread_blocked, id=19956, stack(0x0000008007900000,0x0000008007a00000)]
  0x000002316308d2d0 JavaThread "Unconstrained build operations Thread 11" [_thread_blocked, id=12244, stack(0x0000008007a00000,0x0000008007b00000)]
  0x00000231630914a0 JavaThread "Unconstrained build operations Thread 12" [_thread_blocked, id=13300, stack(0x0000008007b00000,0x0000008007c00000)]
  0x000002316308fb50 JavaThread "Unconstrained build operations Thread 13" [_thread_blocked, id=19416, stack(0x0000008007c00000,0x0000008007d00000)]
  0x0000023163090570 JavaThread "Memory manager" [_thread_blocked, id=22364, stack(0x0000008007d00000,0x0000008007e00000)]
  0x000002316308c3a0 JavaThread "Kotlin DSL Writer" [_thread_blocked, id=23368, stack(0x0000008007e00000,0x0000008007f00000)]
  0x0000023163596d60 JavaThread "Cache worker for Build Output Cleanup Cache (C:\Users\PMLS\Desktop\ApexCashApp\ApexCashApp\android\.gradle\buildOutputCleanup)" [_thread_blocked, id=22332, stack(0x0000008007f00000,0x0000008008000000)]
  0x0000023163596850 JavaThread "ForkJoinPool.commonPool-worker-1" daemon [_thread_blocked, id=17088, stack(0x0000008008000000,0x0000008008100000)]
  0x0000023163597270 JavaThread "ForkJoinPool.commonPool-worker-2" daemon [_thread_blocked, id=14932, stack(0x0000008008100000,0x0000008008200000)]
  0x0000023163592170 JavaThread "ForkJoinPool.commonPool-worker-3" daemon [_thread_blocked, id=14948, stack(0x0000008008200000,0x0000008008300000)]
  0x00000231635981a0 JavaThread "ForkJoinPool.commonPool-worker-4" daemon [_thread_blocked, id=4428, stack(0x0000008008300000,0x0000008008400000)]
  0x0000023163590d30 JavaThread "ForkJoinPool.commonPool-worker-5" daemon [_thread_blocked, id=24144, stack(0x0000008008400000,0x0000008008500000)]
  0x000002316308c8b0 JavaThread "ForkJoinPool.commonPool-worker-6" daemon [_thread_blocked, id=19304, stack(0x0000008008500000,0x0000008008600000)]
  0x00000231707f8fa0 JavaThread "ForkJoinPool.commonPool-worker-7" daemon [_thread_blocked, id=14360, stack(0x0000008008600000,0x0000008008700000)]
  0x00000231707f99c0 JavaThread "ForkJoinPool.commonPool-worker-8" daemon [_thread_blocked, id=9368, stack(0x0000008008700000,0x0000008008800000)]
  0x00000231707f94b0 JavaThread "ForkJoinPool.commonPool-worker-9" daemon [_thread_blocked, id=17544, stack(0x0000008008800000,0x0000008008900000)]
  0x00000231707fcc60 JavaThread "ForkJoinPool.commonPool-worker-10" daemon [_thread_blocked, id=24316, stack(0x0000008008900000,0x0000008008a00000)]
  0x00000231707fb820 JavaThread "ForkJoinPool.commonPool-worker-11" daemon [_thread_blocked, id=11352, stack(0x0000008008a00000,0x0000008008b00000)]
  0x00000231707fefd0 JavaThread "Exec process" [_thread_blocked, id=10176, stack(0x0000008008b00000,0x0000008008c00000)]
  0x00000231707f8580 JavaThread "Exec process Thread 2" [_thread_blocked, id=15280, stack(0x0000008008c00000,0x0000008008d00000)]
  0x00000231707fae00 JavaThread "Exec process Thread 3" [_thread_blocked, id=20440, stack(0x0000008008d00000,0x0000008008e00000)]
  0x00000231707fa8f0 JavaThread "included builds" [_thread_blocked, id=11308, stack(0x0000008008e00000,0x0000008008f00000)]
  0x00000231707f9ed0 JavaThread "Execution worker" [_thread_blocked, id=19556, stack(0x0000008008f00000,0x0000008009000000)]
  0x00000231707fdb90 JavaThread "Execution worker Thread 2" [_thread_blocked, id=22656, stack(0x0000008009000000,0x0000008009100000)]
  0x00000231707fe0a0 JavaThread "Execution worker Thread 3" [_thread_blocked, id=21656, stack(0x0000008009100000,0x0000008009200000)]
  0x00000231707fc750 JavaThread "Execution worker Thread 4" [_thread_blocked, id=21384, stack(0x0000008009200000,0x0000008009300000)]
  0x00000231707fb310 JavaThread "Execution worker Thread 5" [_thread_blocked, id=13396, stack(0x0000008009300000,0x0000008009400000)]
  0x00000231707fbd30 JavaThread "Execution worker Thread 6" [_thread_blocked, id=3660, stack(0x0000008009400000,0x0000008009500000)]
  0x00000231707fc240 JavaThread "Execution worker Thread 7" [_thread_blocked, id=11708, stack(0x0000008009500000,0x0000008009600000)]
  0x00000231707f8a90 JavaThread "Execution worker Thread 8" [_thread_blocked, id=22376, stack(0x0000008009600000,0x0000008009700000)]
  0x00000231707fd170 JavaThread "Execution worker Thread 9" [_thread_blocked, id=22744, stack(0x0000008009700000,0x0000008009800000)]
  0x00000231707ff4e0 JavaThread "Execution worker Thread 10" [_thread_blocked, id=1172, stack(0x0000008009800000,0x0000008009900000)]
  0x00000231707f8070 JavaThread "Execution worker Thread 11" [_thread_blocked, id=1412, stack(0x0000008009900000,0x0000008009a00000)]
  0x00000231707fd680 JavaThread "Cache worker for execution history cache (C:\Users\PMLS\Desktop\ApexCashApp\ApexCashApp\node_modules\@react-native\gradle-plugin\.gradle\8.3\executionHistory)" [_thread_blocked, id=5872, stack(0x0000008009a00000,0x0000008009b00000)]
  0x00000231707fe5b0 JavaThread "Unconstrained build operations Thread 14" [_thread_blocked, id=7112, stack(0x0000008009b00000,0x0000008009c00000)]
  0x00000231707fa3e0 JavaThread "Unconstrained build operations Thread 15" [_thread_blocked, id=15332, stack(0x0000008009c00000,0x0000008009d00000)]
  0x00000231707feac0 JavaThread "Unconstrained build operations Thread 16" [_thread_blocked, id=16388, stack(0x0000008009d00000,0x0000008009e00000)]
  0x00000231707ff9f0 JavaThread "Unconstrained build operations Thread 17" [_thread_blocked, id=21144, stack(0x0000008009e00000,0x0000008009f00000)]
  0x000002315f034750 JavaThread "Unconstrained build operations Thread 18" [_thread_blocked, id=13444, stack(0x0000008009f00000,0x000000800a000000)]
  0x000002315f034c60 JavaThread "Unconstrained build operations Thread 19" [_thread_blocked, id=23504, stack(0x000000800a000000,0x000000800a100000)]
  0x000002315f031ed0 JavaThread "Unconstrained build operations Thread 20" [_thread_blocked, id=19708, stack(0x000000800a100000,0x000000800a200000)]
  0x000002315f0365b0 JavaThread "Unconstrained build operations Thread 21" [_thread_blocked, id=8884, stack(0x000000800a200000,0x000000800a300000)]
  0x000002315f0323e0 JavaThread "Unconstrained build operations Thread 22" [_thread_blocked, id=10528, stack(0x000000800a300000,0x000000800a400000)]
  0x000002315f034240 JavaThread "Unconstrained build operations Thread 23" [_thread_blocked, id=19300, stack(0x000000800a400000,0x000000800a500000)]
  0x000002315f0328f0 JavaThread "Unconstrained build operations Thread 24" [_thread_blocked, id=21396, stack(0x000000800a500000,0x000000800a600000)]
  0x000002315f0314b0 JavaThread "Unconstrained build operations Thread 25" [_thread_blocked, id=16600, stack(0x000000800a600000,0x000000800a700000)]
  0x000002315f033820 JavaThread "Unconstrained build operations Thread 26" [_thread_blocked, id=4360, stack(0x000000800a700000,0x000000800a800000)]
  0x000002315f0360a0 JavaThread "Unconstrained build operations Thread 27" [_thread_blocked, id=22512, stack(0x000000800a800000,0x000000800a900000)]
  0x000002315f036ac0 JavaThread "Unconstrained build operations Thread 28" [_thread_blocked, id=18544, stack(0x000000800a900000,0x000000800aa00000)]
  0x000002315f035170 JavaThread "Unconstrained build operations Thread 29" [_thread_blocked, id=19684, stack(0x000000800aa00000,0x000000800ab00000)]
  0x000002315f032e00 JavaThread "Unconstrained build operations Thread 30" [_thread_blocked, id=10712, stack(0x000000800ab00000,0x000000800ac00000)]
  0x000002315f035680 JavaThread "Unconstrained build operations Thread 31" [_thread_blocked, id=14480, stack(0x000000800ac00000,0x000000800ad00000)]
  0x000002315f033d30 JavaThread "Unconstrained build operations Thread 32" [_thread_blocked, id=10080, stack(0x000000800ad00000,0x000000800ae00000)]
  0x000002315f033310 JavaThread "Unconstrained build operations Thread 33" [_thread_blocked, id=7532, stack(0x000000800ae00000,0x000000800af00000)]
  0x000002315f035b90 JavaThread "Unconstrained build operations Thread 34" [_thread_blocked, id=6528, stack(0x000000800af00000,0x000000800b000000)]
  0x000002315f036fd0 JavaThread "Unconstrained build operations Thread 35" [_thread_blocked, id=13144, stack(0x000000800b000000,0x000000800b100000)]
  0x000002315f0374e0 JavaThread "Unconstrained build operations Thread 36" [_thread_blocked, id=6780, stack(0x000000800b100000,0x000000800b200000)]
  0x000002315f030fa0 JavaThread "Unconstrained build operations Thread 37" [_thread_blocked, id=24200, stack(0x000000800b200000,0x000000800b300000)]
  0x000002315f030a90 JavaThread "Unconstrained build operations Thread 38" [_thread_blocked, id=1096, stack(0x0000008006e00000,0x0000008006f00000)]
  0x0000023163597780 JavaThread "Unconstrained build operations Thread 39" [_thread_blocked, id=11004, stack(0x000000800b300000,0x000000800b400000)]
  0x00000231628dc5e0 JavaThread "Unconstrained build operations Thread 40" [_thread_blocked, id=3208, stack(0x000000800b400000,0x000000800b500000)]
  0x00000231628d79f0 JavaThread "Unconstrained build operations Thread 41" [_thread_blocked, id=12720, stack(0x000000800b500000,0x000000800b600000)]
  0x00000231628dd510 JavaThread "Unconstrained build operations Thread 42" [_thread_blocked, id=5728, stack(0x000000800b600000,0x000000800b700000)]
  0x00000231628dc0d0 JavaThread "Unconstrained build operations Thread 43" [_thread_blocked, id=3708, stack(0x000000800b700000,0x000000800b800000)]
  0x00000231628d9d60 JavaThread "Unconstrained build operations Thread 44" [_thread_blocked, id=7560, stack(0x000000800b800000,0x000000800b900000)]
  0x00000231628ddf30 JavaThread "Unconstrained build operations Thread 45" [_thread_blocked, id=13320, stack(0x000000800b900000,0x000000800ba00000)]
  0x00000231628d9340 JavaThread "Unconstrained build operations Thread 46" [_thread_blocked, id=5740, stack(0x000000800ba00000,0x000000800bb00000)]
  0x00000231628d8e30 JavaThread "Unconstrained build operations Thread 47" [_thread_blocked, id=14044, stack(0x000000800bb00000,0x000000800bc00000)]
  0x00000231628d9850 JavaThread "Unconstrained build operations Thread 48" [_thread_blocked, id=8288, stack(0x000000800bc00000,0x000000800bd00000)]

Other Threads:
  0x000002313f39e290 VMThread "VM Thread" [stack: 0x0000008003300000,0x0000008003400000] [id=14320]
  0x000002311ee46cd0 WatcherThread [stack: 0x0000008003f00000,0x0000008004000000] [id=7920]
  0x000002311ee2d8e0 GCTaskThread "GC Thread#0" [stack: 0x0000008002e00000,0x0000008002f00000] [id=19500]
  0x000002315f6df4d0 GCTaskThread "GC Thread#1" [stack: 0x0000008004000000,0x0000008004100000] [id=23708]
  0x000002315f491710 GCTaskThread "GC Thread#2" [stack: 0x0000008004100000,0x0000008004200000] [id=23844]
  0x000002315f6ecdb0 GCTaskThread "GC Thread#3" [stack: 0x0000008004200000,0x0000008004300000] [id=24408]
  0x000002315f560ab0 GCTaskThread "GC Thread#4" [stack: 0x0000008004300000,0x0000008004400000] [id=6324]
  0x0000023160ee6be0 GCTaskThread "GC Thread#5" [stack: 0x0000008005100000,0x0000008005200000] [id=15996]
  0x0000023161354160 GCTaskThread "GC Thread#6" [stack: 0x0000008005200000,0x0000008005300000] [id=19748]
  0x00000231614029f0 GCTaskThread "GC Thread#7" [stack: 0x0000008005300000,0x0000008005400000] [id=19800]
  0x000002315fb6b640 GCTaskThread "GC Thread#8" [stack: 0x0000008005400000,0x0000008005500000] [id=24004]
  0x000002315f67d010 GCTaskThread "GC Thread#9" [stack: 0x0000008005500000,0x0000008005600000] [id=896]
  0x000002311ee3ee40 ConcurrentGCThread "G1 Main Marker" [stack: 0x0000008002f00000,0x0000008003000000] [id=3656]
  0x000002311ee3f850 ConcurrentGCThread "G1 Conc#0" [stack: 0x0000008003000000,0x0000008003100000] [id=11444]
  0x000002315f055b90 ConcurrentGCThread "G1 Conc#1" [stack: 0x0000008005b00000,0x0000008005c00000] [id=16640]
  0x000002315f055090 ConcurrentGCThread "G1 Conc#2" [stack: 0x0000008005c00000,0x0000008005d00000] [id=15836]
  0x000002311ee9dd20 ConcurrentGCThread "G1 Refine#0" [stack: 0x0000008003100000,0x0000008003200000] [id=17516]
  0x00000231624d7310 ConcurrentGCThread "G1 Refine#1" [stack: 0x0000008006300000,0x0000008006400000] [id=3012]
  0x00000231621a0ec0 ConcurrentGCThread "G1 Refine#2" [stack: 0x0000008006400000,0x0000008006500000] [id=2700]
  0x000002311ee9e750 ConcurrentGCThread "G1 Service" [stack: 0x0000008003200000,0x0000008003300000] [id=11332]

Threads with active compile tasks:
C2 CompilerThread0   142659 20073   !   4       org.gradle.api.internal.attributes.DefaultImmutableAttributesFactory::doConcatIsolatable (128 bytes)

VM state: not at safepoint (normal execution)

VM Mutex/Monitor currently owned by a thread: None

Heap address: 0x0000000080000000, size: 2048 MB, Compressed Oops mode: 32-bit

CDS archive(s) mapped at: [0x0000023140000000-0x0000023140bd0000-0x0000023140bd0000), size 12386304, SharedBaseAddress: 0x0000023140000000, ArchiveRelocationMode: 1.
Compressed class space mapped at: 0x0000023141000000-0x000002315b000000, reserved size: 436207616
Narrow klass base: 0x0000023140000000, Narrow klass shift: 0, Narrow klass range: 0x100000000

GC Precious Log:
 CPUs: 12 total, 12 available
 Memory: 7916M
 Large Page Support: Disabled
 NUMA Support: Disabled
 Compressed Oops: Enabled (32-bit)
 Heap Region Size: 1M
 Heap Min Capacity: 8M
 Heap Initial Capacity: 124M
 Heap Max Capacity: 2G
 Pre-touch: Disabled
 Parallel Workers: 10
 Concurrent Workers: 3
 Concurrent Refinement Workers: 10
 Periodic GC: Disabled

Heap:
 garbage-first heap   total 256000K, used 188274K [0x0000000080000000, 0x0000000100000000)
  region size 1024K, 25 young (25600K), 7 survivors (7168K)
 Metaspace       used 157063K, committed 158336K, reserved 622592K
  class space    used 20732K, committed 21312K, reserved 425984K

Heap Regions: E=young(eden), S=young(survivor), O=old, HS=humongous(starts), HC=humongous(continues), CS=collection set, F=free, OA=open archive, CA=closed archive, TAMS=top-at-mark-start (previous, next)
|   0|0x0000000080000000, 0x0000000080100000, 0x0000000080100000|100%|HS|  |TAMS 0x0000000080100000, 0x0000000080000000| Complete 
|   1|0x0000000080100000, 0x0000000080200000, 0x0000000080200000|100%|HC|  |TAMS 0x0000000080200000, 0x0000000080100000| Complete 
|   2|0x0000000080200000, 0x0000000080300000, 0x0000000080300000|100%|HC|  |TAMS 0x0000000080300000, 0x0000000080200000| Complete 
|   3|0x0000000080300000, 0x0000000080400000, 0x0000000080400000|100%|HC|  |TAMS 0x0000000080400000, 0x0000000080300000| Complete 
|   4|0x0000000080400000, 0x0000000080500000, 0x0000000080500000|100%| O|  |TAMS 0x0000000080500000, 0x0000000080400000| Untracked 
|   5|0x0000000080500000, 0x0000000080600000, 0x0000000080600000|100%| O|  |TAMS 0x0000000080600000, 0x0000000080500000| Untracked 
|   6|0x0000000080600000, 0x0000000080700000, 0x0000000080700000|100%| O|  |TAMS 0x0000000080700000, 0x0000000080600000| Untracked 
|   7|0x0000000080700000, 0x0000000080800000, 0x0000000080800000|100%| O|  |TAMS 0x0000000080800000, 0x0000000080700000| Untracked 
|   8|0x0000000080800000, 0x0000000080900000, 0x0000000080900000|100%| O|  |TAMS 0x0000000080900000, 0x0000000080800000| Untracked 
|   9|0x0000000080900000, 0x0000000080a00000, 0x0000000080a00000|100%| O|  |TAMS 0x0000000080a00000, 0x0000000080900000| Untracked 
|  10|0x0000000080a00000, 0x0000000080b00000, 0x0000000080b00000|100%| O|  |TAMS 0x0000000080b00000, 0x0000000080a00000| Untracked 
|  11|0x0000000080b00000, 0x0000000080c00000, 0x0000000080c00000|100%| O|  |TAMS 0x0000000080c00000, 0x0000000080b00000| Untracked 
|  12|0x0000000080c00000, 0x0000000080d00000, 0x0000000080d00000|100%| O|  |TAMS 0x0000000080d00000, 0x0000000080c00000| Untracked 
|  13|0x0000000080d00000, 0x0000000080e00000, 0x0000000080e00000|100%| O|  |TAMS 0x0000000080e00000, 0x0000000080d00000| Untracked 
|  14|0x0000000080e00000, 0x0000000080f00000, 0x0000000080f00000|100%| O|  |TAMS 0x0000000080f00000, 0x0000000080e00000| Untracked 
|  15|0x0000000080f00000, 0x0000000081000000, 0x0000000081000000|100%| O|  |TAMS 0x0000000081000000, 0x0000000080f00000| Untracked 
|  16|0x0000000081000000, 0x0000000081100000, 0x0000000081100000|100%| O|  |TAMS 0x0000000081100000, 0x0000000081000000| Untracked 
|  17|0x0000000081100000, 0x0000000081200000, 0x0000000081200000|100%| O|  |TAMS 0x0000000081200000, 0x0000000081100000| Untracked 
|  18|0x0000000081200000, 0x0000000081300000, 0x0000000081300000|100%| O|  |TAMS 0x0000000081300000, 0x0000000081200000| Untracked 
|  19|0x0000000081300000, 0x00000000813f4800, 0x0000000081400000| 95%| O|  |TAMS 0x00000000813f4800, 0x0000000081300000| Untracked 
|  20|0x0000000081400000, 0x0000000081500000, 0x0000000081500000|100%| O|  |TAMS 0x0000000081500000, 0x0000000081400000| Untracked 
|  21|0x0000000081500000, 0x0000000081600000, 0x0000000081600000|100%| O|  |TAMS 0x0000000081600000, 0x0000000081500000| Untracked 
|  22|0x0000000081600000, 0x0000000081700000, 0x0000000081700000|100%| O|  |TAMS 0x0000000081700000, 0x0000000081600000| Untracked 
|  23|0x0000000081700000, 0x0000000081800000, 0x0000000081800000|100%| O|  |TAMS 0x0000000081800000, 0x0000000081700000| Untracked 
|  24|0x0000000081800000, 0x0000000081900000, 0x0000000081900000|100%| O|  |TAMS 0x0000000081900000, 0x0000000081800000| Untracked 
|  25|0x0000000081900000, 0x0000000081a00000, 0x0000000081a00000|100%| O|  |TAMS 0x0000000081a00000, 0x0000000081900000| Untracked 
|  26|0x0000000081a00000, 0x0000000081b00000, 0x0000000081b00000|100%| O|  |TAMS 0x0000000081b00000, 0x0000000081a00000| Untracked 
|  27|0x0000000081b00000, 0x0000000081c00000, 0x0000000081c00000|100%| O|  |TAMS 0x0000000081c00000, 0x0000000081b00000| Untracked 
|  28|0x0000000081c00000, 0x0000000081d00000, 0x0000000081d00000|100%| O|  |TAMS 0x0000000081d00000, 0x0000000081c00000| Untracked 
|  29|0x0000000081d00000, 0x0000000081e00000, 0x0000000081e00000|100%| O|  |TAMS 0x0000000081e00000, 0x0000000081d00000| Untracked 
|  30|0x0000000081e00000, 0x0000000081f00000, 0x0000000081f00000|100%| O|  |TAMS 0x0000000081f00000, 0x0000000081e00000| Untracked 
|  31|0x0000000081f00000, 0x0000000082000000, 0x0000000082000000|100%| O|  |TAMS 0x0000000082000000, 0x0000000081f00000| Untracked 
|  32|0x0000000082000000, 0x0000000082100000, 0x0000000082100000|100%| O|  |TAMS 0x0000000082100000, 0x0000000082000000| Untracked 
|  33|0x0000000082100000, 0x0000000082200000, 0x0000000082200000|100%| O|  |TAMS 0x0000000082200000, 0x0000000082100000| Untracked 
|  34|0x0000000082200000, 0x0000000082300000, 0x0000000082300000|100%| O|  |TAMS 0x0000000082300000, 0x0000000082200000| Untracked 
|  35|0x0000000082300000, 0x0000000082400000, 0x0000000082400000|100%| O|  |TAMS 0x0000000082400000, 0x0000000082300000| Untracked 
|  36|0x0000000082400000, 0x0000000082500000, 0x0000000082500000|100%| O|  |TAMS 0x0000000082500000, 0x0000000082400000| Untracked 
|  37|0x0000000082500000, 0x0000000082600000, 0x0000000082600000|100%|HS|  |TAMS 0x0000000082600000, 0x0000000082500000| Complete 
|  38|0x0000000082600000, 0x0000000082700000, 0x0000000082700000|100%| O|  |TAMS 0x0000000082700000, 0x0000000082600000| Untracked 
|  39|0x0000000082700000, 0x0000000082800000, 0x0000000082800000|100%|HS|  |TAMS 0x0000000082800000, 0x0000000082700000| Complete 
|  40|0x0000000082800000, 0x0000000082900000, 0x0000000082900000|100%|HC|  |TAMS 0x0000000082900000, 0x0000000082800000| Complete 
|  41|0x0000000082900000, 0x0000000082a00000, 0x0000000082a00000|100%| O|  |TAMS 0x0000000082a00000, 0x0000000082900000| Untracked 
|  42|0x0000000082a00000, 0x0000000082b00000, 0x0000000082b00000|100%| O|  |TAMS 0x0000000082b00000, 0x0000000082a00000| Untracked 
|  43|0x0000000082b00000, 0x0000000082c00000, 0x0000000082c00000|100%| O|  |TAMS 0x0000000082c00000, 0x0000000082b00000| Untracked 
|  44|0x0000000082c00000, 0x0000000082d00000, 0x0000000082d00000|100%| O|  |TAMS 0x0000000082d00000, 0x0000000082c00000| Untracked 
|  45|0x0000000082d00000, 0x0000000082e00000, 0x0000000082e00000|100%|HS|  |TAMS 0x0000000082e00000, 0x0000000082d00000| Complete 
|  46|0x0000000082e00000, 0x0000000082f00000, 0x0000000082f00000|100%|HC|  |TAMS 0x0000000082f00000, 0x0000000082e00000| Complete 
|  47|0x0000000082f00000, 0x0000000083000000, 0x0000000083000000|100%|HS|  |TAMS 0x0000000083000000, 0x0000000082f00000| Complete 
|  48|0x0000000083000000, 0x0000000083100000, 0x0000000083100000|100%|HC|  |TAMS 0x0000000083100000, 0x0000000083000000| Complete 
|  49|0x0000000083100000, 0x0000000083200000, 0x0000000083200000|100%|HC|  |TAMS 0x0000000083200000, 0x0000000083100000| Complete 
|  50|0x0000000083200000, 0x0000000083300000, 0x0000000083300000|100%|HC|  |TAMS 0x0000000083300000, 0x0000000083200000| Complete 
|  51|0x0000000083300000, 0x0000000083400000, 0x0000000083400000|100%| O|  |TAMS 0x0000000083400000, 0x0000000083300000| Untracked 
|  52|0x0000000083400000, 0x0000000083500000, 0x0000000083500000|100%| O|  |TAMS 0x0000000083500000, 0x0000000083400000| Untracked 
|  53|0x0000000083500000, 0x0000000083600000, 0x0000000083600000|100%| O|  |TAMS 0x0000000083600000, 0x0000000083500000| Untracked 
|  54|0x0000000083600000, 0x0000000083700000, 0x0000000083700000|100%| O|  |TAMS 0x0000000083700000, 0x0000000083600000| Untracked 
|  55|0x0000000083700000, 0x0000000083800000, 0x0000000083800000|100%| O|  |TAMS 0x0000000083800000, 0x0000000083700000| Untracked 
|  56|0x0000000083800000, 0x0000000083900000, 0x0000000083900000|100%| O|  |TAMS 0x0000000083900000, 0x0000000083800000| Untracked 
|  57|0x0000000083900000, 0x0000000083a00000, 0x0000000083a00000|100%| O|  |TAMS 0x0000000083a00000, 0x0000000083900000| Untracked 
|  58|0x0000000083a00000, 0x0000000083b00000, 0x0000000083b00000|100%| O|  |TAMS 0x0000000083b00000, 0x0000000083a00000| Untracked 
|  59|0x0000000083b00000, 0x0000000083c00000, 0x0000000083c00000|100%| O|  |TAMS 0x0000000083c00000, 0x0000000083b00000| Untracked 
|  60|0x0000000083c00000, 0x0000000083d00000, 0x0000000083d00000|100%| O|  |TAMS 0x0000000083d00000, 0x0000000083c00000| Untracked 
|  61|0x0000000083d00000, 0x0000000083e00000, 0x0000000083e00000|100%| O|  |TAMS 0x0000000083e00000, 0x0000000083d00000| Untracked 
|  62|0x0000000083e00000, 0x0000000083f00000, 0x0000000083f00000|100%| O|  |TAMS 0x0000000083f00000, 0x0000000083e00000| Untracked 
|  63|0x0000000083f00000, 0x0000000084000000, 0x0000000084000000|100%| O|  |TAMS 0x0000000084000000, 0x0000000083f00000| Untracked 
|  64|0x0000000084000000, 0x0000000084100000, 0x0000000084100000|100%| O|  |TAMS 0x0000000084100000, 0x0000000084000000| Untracked 
|  65|0x0000000084100000, 0x0000000084200000, 0x0000000084200000|100%| O|  |TAMS 0x0000000084200000, 0x0000000084100000| Untracked 
|  66|0x0000000084200000, 0x0000000084300000, 0x0000000084300000|100%|HS|  |TAMS 0x0000000084300000, 0x0000000084200000| Complete 
|  67|0x0000000084300000, 0x0000000084400000, 0x0000000084400000|100%|HC|  |TAMS 0x0000000084400000, 0x0000000084300000| Complete 
|  68|0x0000000084400000, 0x0000000084500000, 0x0000000084500000|100%|HC|  |TAMS 0x0000000084500000, 0x0000000084400000| Complete 
|  69|0x0000000084500000, 0x0000000084600000, 0x0000000084600000|100%|HC|  |TAMS 0x0000000084600000, 0x0000000084500000| Complete 
|  70|0x0000000084600000, 0x0000000084700000, 0x0000000084700000|100%| O|  |TAMS 0x0000000084700000, 0x0000000084600000| Untracked 
|  71|0x0000000084700000, 0x0000000084800000, 0x0000000084800000|100%| O|  |TAMS 0x0000000084800000, 0x0000000084700000| Untracked 
|  72|0x0000000084800000, 0x0000000084900000, 0x0000000084900000|100%| O|  |TAMS 0x0000000084900000, 0x0000000084800000| Untracked 
|  73|0x0000000084900000, 0x0000000084a00000, 0x0000000084a00000|100%| O|  |TAMS 0x0000000084a00000, 0x0000000084900000| Untracked 
|  74|0x0000000084a00000, 0x0000000084b00000, 0x0000000084b00000|100%| O|  |TAMS 0x0000000084b00000, 0x0000000084a00000| Untracked 
|  75|0x0000000084b00000, 0x0000000084c00000, 0x0000000084c00000|100%| O|  |TAMS 0x0000000084c00000, 0x0000000084b00000| Untracked 
|  76|0x0000000084c00000, 0x0000000084d00000, 0x0000000084d00000|100%| O|  |TAMS 0x0000000084d00000, 0x0000000084c00000| Untracked 
|  77|0x0000000084d00000, 0x0000000084e00000, 0x0000000084e00000|100%| O|  |TAMS 0x0000000084e00000, 0x0000000084d00000| Untracked 
|  78|0x0000000084e00000, 0x0000000084f00000, 0x0000000084f00000|100%| O|  |TAMS 0x0000000084f00000, 0x0000000084e00000| Untracked 
|  79|0x0000000084f00000, 0x0000000085000000, 0x0000000085000000|100%| O|  |TAMS 0x0000000085000000, 0x0000000084f00000| Untracked 
|  80|0x0000000085000000, 0x0000000085100000, 0x0000000085100000|100%| O|  |TAMS 0x0000000085100000, 0x0000000085000000| Untracked 
|  81|0x0000000085100000, 0x0000000085200000, 0x0000000085200000|100%| O|  |TAMS 0x0000000085200000, 0x0000000085100000| Untracked 
|  82|0x0000000085200000, 0x0000000085300000, 0x0000000085300000|100%| O|  |TAMS 0x0000000085300000, 0x0000000085200000| Untracked 
|  83|0x0000000085300000, 0x0000000085400000, 0x0000000085400000|100%| O|  |TAMS 0x0000000085400000, 0x0000000085300000| Untracked 
|  84|0x0000000085400000, 0x0000000085500000, 0x0000000085500000|100%| O|  |TAMS 0x0000000085500000, 0x0000000085400000| Untracked 
|  85|0x0000000085500000, 0x0000000085600000, 0x0000000085600000|100%| O|  |TAMS 0x0000000085600000, 0x0000000085500000| Untracked 
|  86|0x0000000085600000, 0x0000000085700000, 0x0000000085700000|100%| O|  |TAMS 0x0000000085700000, 0x0000000085600000| Untracked 
|  87|0x0000000085700000, 0x0000000085800000, 0x0000000085800000|100%| O|  |TAMS 0x0000000085800000, 0x0000000085700000| Untracked 
|  88|0x0000000085800000, 0x0000000085900000, 0x0000000085900000|100%| O|  |TAMS 0x0000000085900000, 0x0000000085800000| Untracked 
|  89|0x0000000085900000, 0x0000000085a00000, 0x0000000085a00000|100%| O|  |TAMS 0x0000000085a00000, 0x0000000085900000| Untracked 
|  90|0x0000000085a00000, 0x0000000085b00000, 0x0000000085b00000|100%|HS|  |TAMS 0x0000000085b00000, 0x0000000085a00000| Complete 
|  91|0x0000000085b00000, 0x0000000085c00000, 0x0000000085c00000|100%|HS|  |TAMS 0x0000000085c00000, 0x0000000085b00000| Complete 
|  92|0x0000000085c00000, 0x0000000085d00000, 0x0000000085d00000|100%| O|  |TAMS 0x0000000085d00000, 0x0000000085c00000| Untracked 
|  93|0x0000000085d00000, 0x0000000085e00000, 0x0000000085e00000|100%| O|  |TAMS 0x0000000085e00000, 0x0000000085d00000| Untracked 
|  94|0x0000000085e00000, 0x0000000085f00000, 0x0000000085f00000|100%| O|  |TAMS 0x0000000085f00000, 0x0000000085e00000| Untracked 
|  95|0x0000000085f00000, 0x0000000086000000, 0x0000000086000000|100%| O|  |TAMS 0x0000000086000000, 0x0000000085f00000| Untracked 
|  96|0x0000000086000000, 0x0000000086100000, 0x0000000086100000|100%| O|  |TAMS 0x0000000086100000, 0x0000000086000000| Untracked 
|  97|0x0000000086100000, 0x0000000086200000, 0x0000000086200000|100%| O|  |TAMS 0x0000000086100000, 0x0000000086100000| Untracked 
|  98|0x0000000086200000, 0x0000000086300000, 0x0000000086300000|100%| O|  |TAMS 0x0000000086300000, 0x0000000086200000| Untracked 
|  99|0x0000000086300000, 0x0000000086400000, 0x0000000086400000|100%| O|  |TAMS 0x0000000086400000, 0x0000000086300000| Untracked 
| 100|0x0000000086400000, 0x0000000086500000, 0x0000000086500000|100%| O|  |TAMS 0x0000000086500000, 0x0000000086400000| Untracked 
| 101|0x0000000086500000, 0x0000000086600000, 0x0000000086600000|100%| O|  |TAMS 0x0000000086600000, 0x0000000086500000| Untracked 
| 102|0x0000000086600000, 0x0000000086700000, 0x0000000086700000|100%| O|  |TAMS 0x0000000086700000, 0x0000000086600000| Untracked 
| 103|0x0000000086700000, 0x0000000086800000, 0x0000000086800000|100%| O|  |TAMS 0x0000000086800000, 0x0000000086700000| Untracked 
| 104|0x0000000086800000, 0x0000000086900000, 0x0000000086900000|100%| O|  |TAMS 0x0000000086800000, 0x0000000086800000| Untracked 
| 105|0x0000000086900000, 0x0000000086a00000, 0x0000000086a00000|100%| O|  |TAMS 0x0000000086900000, 0x0000000086900000| Untracked 
| 106|0x0000000086a00000, 0x0000000086b00000, 0x0000000086b00000|100%| O|  |TAMS 0x0000000086b00000, 0x0000000086a00000| Untracked 
| 107|0x0000000086b00000, 0x0000000086c00000, 0x0000000086c00000|100%| O|  |TAMS 0x0000000086c00000, 0x0000000086b00000| Untracked 
| 108|0x0000000086c00000, 0x0000000086d00000, 0x0000000086d00000|100%| O|  |TAMS 0x0000000086d00000, 0x0000000086c00000| Untracked 
| 109|0x0000000086d00000, 0x0000000086e00000, 0x0000000086e00000|100%| O|  |TAMS 0x0000000086e00000, 0x0000000086d00000| Untracked 
| 110|0x0000000086e00000, 0x0000000086f00000, 0x0000000086f00000|100%| O|  |TAMS 0x0000000086f00000, 0x0000000086e00000| Untracked 
| 111|0x0000000086f00000, 0x0000000087000000, 0x0000000087000000|100%| O|  |TAMS 0x0000000087000000, 0x0000000086f00000| Untracked 
| 112|0x0000000087000000, 0x0000000087100000, 0x0000000087100000|100%| O|  |TAMS 0x0000000087100000, 0x0000000087000000| Untracked 
| 113|0x0000000087100000, 0x0000000087200000, 0x0000000087200000|100%| O|  |TAMS 0x0000000087100000, 0x0000000087100000| Untracked 
| 114|0x0000000087200000, 0x0000000087300000, 0x0000000087300000|100%| O|  |TAMS 0x0000000087300000, 0x0000000087200000| Untracked 
| 115|0x0000000087300000, 0x0000000087400000, 0x0000000087400000|100%| O|  |TAMS 0x0000000087400000, 0x0000000087300000| Untracked 
| 116|0x0000000087400000, 0x0000000087500000, 0x0000000087500000|100%| O|  |TAMS 0x0000000087400000, 0x0000000087400000| Untracked 
| 117|0x0000000087500000, 0x0000000087600000, 0x0000000087600000|100%| O|  |TAMS 0x0000000087600000, 0x0000000087500000| Untracked 
| 118|0x0000000087600000, 0x0000000087700000, 0x0000000087700000|100%| O|  |TAMS 0x0000000087700000, 0x0000000087600000| Untracked 
| 119|0x0000000087700000, 0x0000000087800000, 0x0000000087800000|100%| O|  |TAMS 0x0000000087700000, 0x0000000087700000| Untracked 
| 120|0x0000000087800000, 0x0000000087900000, 0x0000000087900000|100%| O|  |TAMS 0x0000000087800000, 0x0000000087800000| Untracked 
| 121|0x0000000087900000, 0x0000000087a00000, 0x0000000087a00000|100%| O|  |TAMS 0x0000000087900000, 0x0000000087900000| Untracked 
| 122|0x0000000087a00000, 0x0000000087b00000, 0x0000000087b00000|100%| O|  |TAMS 0x0000000087b00000, 0x0000000087a00000| Untracked 
| 123|0x0000000087b00000, 0x0000000087c00000, 0x0000000087c00000|100%| O|  |TAMS 0x0000000087b00000, 0x0000000087b00000| Untracked 
| 124|0x0000000087c00000, 0x0000000087d00000, 0x0000000087d00000|100%| O|  |TAMS 0x0000000087c00000, 0x0000000087c00000| Untracked 
| 125|0x0000000087d00000, 0x0000000087e00000, 0x0000000087e00000|100%| O|  |TAMS 0x0000000087d00000, 0x0000000087d00000| Untracked 
| 126|0x0000000087e00000, 0x0000000087f00000, 0x0000000087f00000|100%| O|  |TAMS 0x0000000087e00000, 0x0000000087e00000| Untracked 
| 127|0x0000000087f00000, 0x0000000088000000, 0x0000000088000000|100%|HS|  |TAMS 0x0000000087f00000, 0x0000000087f00000| Complete 
| 128|0x0000000088000000, 0x0000000088100000, 0x0000000088100000|100%|HC|  |TAMS 0x0000000088000000, 0x0000000088000000| Complete 
| 129|0x0000000088100000, 0x0000000088200000, 0x0000000088200000|100%| O|  |TAMS 0x0000000088200000, 0x0000000088100000| Untracked 
| 130|0x0000000088200000, 0x0000000088300000, 0x0000000088300000|100%| O|  |TAMS 0x0000000088300000, 0x0000000088200000| Untracked 
| 131|0x0000000088300000, 0x0000000088400000, 0x0000000088400000|100%| O|  |TAMS 0x0000000088400000, 0x0000000088300000| Untracked 
| 132|0x0000000088400000, 0x0000000088500000, 0x0000000088500000|100%| O|  |TAMS 0x0000000088500000, 0x0000000088400000| Untracked 
| 133|0x0000000088500000, 0x0000000088600000, 0x0000000088600000|100%| O|  |TAMS 0x000000008855f600, 0x0000000088500000| Untracked 
| 134|0x0000000088600000, 0x0000000088700000, 0x0000000088700000|100%| O|  |TAMS 0x0000000088600000, 0x0000000088600000| Untracked 
| 135|0x0000000088700000, 0x0000000088800000, 0x0000000088800000|100%|HS|  |TAMS 0x0000000088800000, 0x0000000088700000| Complete 
| 136|0x0000000088800000, 0x0000000088900000, 0x0000000088900000|100%| O|  |TAMS 0x0000000088800000, 0x0000000088800000| Untracked 
| 137|0x0000000088900000, 0x0000000088a00000, 0x0000000088a00000|100%| O|  |TAMS 0x0000000088900000, 0x0000000088900000| Untracked 
| 138|0x0000000088a00000, 0x0000000088b00000, 0x0000000088b00000|100%| O|  |TAMS 0x0000000088a00000, 0x0000000088a00000| Untracked 
| 139|0x0000000088b00000, 0x0000000088c00000, 0x0000000088c00000|100%| O|  |TAMS 0x0000000088b00000, 0x0000000088b00000| Untracked 
| 140|0x0000000088c00000, 0x0000000088d00000, 0x0000000088d00000|100%| O|  |TAMS 0x0000000088c00000, 0x0000000088c00000| Untracked 
| 141|0x0000000088d00000, 0x0000000088e00000, 0x0000000088e00000|100%| O|  |TAMS 0x0000000088d00000, 0x0000000088d00000| Untracked 
| 142|0x0000000088e00000, 0x0000000088f00000, 0x0000000088f00000|100%| O|  |TAMS 0x0000000088e00000, 0x0000000088e00000| Untracked 
| 143|0x0000000088f00000, 0x0000000089000000, 0x0000000089000000|100%| O|  |TAMS 0x0000000088f00000, 0x0000000088f00000| Untracked 
| 144|0x0000000089000000, 0x0000000089100000, 0x0000000089100000|100%| O|  |TAMS 0x0000000089000000, 0x0000000089000000| Untracked 
| 145|0x0000000089100000, 0x0000000089200000, 0x0000000089200000|100%| O|  |TAMS 0x0000000089100000, 0x0000000089100000| Untracked 
| 146|0x0000000089200000, 0x0000000089300000, 0x0000000089300000|100%| O|  |TAMS 0x0000000089200000, 0x0000000089200000| Untracked 
| 147|0x0000000089300000, 0x0000000089400000, 0x0000000089400000|100%| O|  |TAMS 0x0000000089300000, 0x0000000089300000| Untracked 
| 148|0x0000000089400000, 0x0000000089500000, 0x0000000089500000|100%| O|  |TAMS 0x0000000089400000, 0x0000000089400000| Untracked 
| 149|0x0000000089500000, 0x0000000089600000, 0x0000000089600000|100%| O|  |TAMS 0x0000000089500000, 0x0000000089500000| Untracked 
| 150|0x0000000089600000, 0x0000000089700000, 0x0000000089700000|100%|HS|  |TAMS 0x0000000089600000, 0x0000000089600000| Complete 
| 151|0x0000000089700000, 0x0000000089800000, 0x0000000089800000|100%|HC|  |TAMS 0x0000000089700000, 0x0000000089700000| Complete 
| 152|0x0000000089800000, 0x0000000089900000, 0x0000000089900000|100%|HC|  |TAMS 0x0000000089800000, 0x0000000089800000| Complete 
| 153|0x0000000089900000, 0x0000000089a00000, 0x0000000089a00000|100%|HC|  |TAMS 0x0000000089900000, 0x0000000089900000| Complete 
| 154|0x0000000089a00000, 0x0000000089b00000, 0x0000000089b00000|100%| O|  |TAMS 0x0000000089a00000, 0x0000000089a00000| Untracked 
| 155|0x0000000089b00000, 0x0000000089c00000, 0x0000000089c00000|100%| O|  |TAMS 0x0000000089b00000, 0x0000000089b00000| Untracked 
| 156|0x0000000089c00000, 0x0000000089d00000, 0x0000000089d00000|100%| O|  |TAMS 0x0000000089c00000, 0x0000000089c00000| Untracked 
| 157|0x0000000089d00000, 0x0000000089e00000, 0x0000000089e00000|100%| O|  |TAMS 0x0000000089d00000, 0x0000000089d00000| Untracked 
| 158|0x0000000089e00000, 0x0000000089f00000, 0x0000000089f00000|100%| O|  |TAMS 0x0000000089e00000, 0x0000000089e00000| Untracked 
| 159|0x0000000089f00000, 0x000000008a000000, 0x000000008a000000|100%| O|  |TAMS 0x0000000089f00000, 0x0000000089f00000| Untracked 
| 160|0x000000008a000000, 0x000000008a03e400, 0x000000008a100000| 24%| O|  |TAMS 0x000000008a000000, 0x000000008a000000| Untracked 
| 161|0x000000008a100000, 0x000000008a100000, 0x000000008a200000|  0%| F|  |TAMS 0x000000008a100000, 0x000000008a100000| Untracked 
| 162|0x000000008a200000, 0x000000008a200000, 0x000000008a300000|  0%| F|  |TAMS 0x000000008a200000, 0x000000008a200000| Untracked 
| 163|0x000000008a300000, 0x000000008a300000, 0x000000008a400000|  0%| F|  |TAMS 0x000000008a300000, 0x000000008a300000| Untracked 
| 164|0x000000008a400000, 0x000000008a400000, 0x000000008a500000|  0%| F|  |TAMS 0x000000008a400000, 0x000000008a400000| Untracked 
| 165|0x000000008a500000, 0x000000008a500000, 0x000000008a600000|  0%| F|  |TAMS 0x000000008a500000, 0x000000008a500000| Untracked 
| 166|0x000000008a600000, 0x000000008a600000, 0x000000008a700000|  0%| F|  |TAMS 0x000000008a600000, 0x000000008a600000| Untracked 
| 167|0x000000008a700000, 0x000000008a700000, 0x000000008a800000|  0%| F|  |TAMS 0x000000008a700000, 0x000000008a700000| Untracked 
| 168|0x000000008a800000, 0x000000008a800000, 0x000000008a900000|  0%| F|  |TAMS 0x000000008a800000, 0x000000008a800000| Untracked 
| 169|0x000000008a900000, 0x000000008a900000, 0x000000008aa00000|  0%| F|  |TAMS 0x000000008a900000, 0x000000008a900000| Untracked 
| 170|0x000000008aa00000, 0x000000008aa00000, 0x000000008ab00000|  0%| F|  |TAMS 0x000000008aa00000, 0x000000008aa00000| Untracked 
| 171|0x000000008ab00000, 0x000000008ab00000, 0x000000008ac00000|  0%| F|  |TAMS 0x000000008ab00000, 0x000000008ab00000| Untracked 
| 172|0x000000008ac00000, 0x000000008ac00000, 0x000000008ad00000|  0%| F|  |TAMS 0x000000008ac00000, 0x000000008ac00000| Untracked 
| 173|0x000000008ad00000, 0x000000008ad00000, 0x000000008ae00000|  0%| F|  |TAMS 0x000000008ad00000, 0x000000008ad00000| Untracked 
| 174|0x000000008ae00000, 0x000000008ae00000, 0x000000008af00000|  0%| F|  |TAMS 0x000000008ae00000, 0x000000008ae00000| Untracked 
| 175|0x000000008af00000, 0x000000008af00000, 0x000000008b000000|  0%| F|  |TAMS 0x000000008af00000, 0x000000008af00000| Untracked 
| 176|0x000000008b000000, 0x000000008b000000, 0x000000008b100000|  0%| F|  |TAMS 0x000000008b000000, 0x000000008b000000| Untracked 
| 177|0x000000008b100000, 0x000000008b100000, 0x000000008b200000|  0%| F|  |TAMS 0x000000008b100000, 0x000000008b100000| Untracked 
| 178|0x000000008b200000, 0x000000008b200000, 0x000000008b300000|  0%| F|  |TAMS 0x000000008b200000, 0x000000008b200000| Untracked 
| 179|0x000000008b300000, 0x000000008b300000, 0x000000008b400000|  0%| F|  |TAMS 0x000000008b300000, 0x000000008b300000| Untracked 
| 180|0x000000008b400000, 0x000000008b400000, 0x000000008b500000|  0%| F|  |TAMS 0x000000008b400000, 0x000000008b400000| Untracked 
| 181|0x000000008b500000, 0x000000008b500000, 0x000000008b600000|  0%| F|  |TAMS 0x000000008b500000, 0x000000008b500000| Untracked 
| 182|0x000000008b600000, 0x000000008b600000, 0x000000008b700000|  0%| F|  |TAMS 0x000000008b600000, 0x000000008b600000| Untracked 
| 183|0x000000008b700000, 0x000000008b700000, 0x000000008b800000|  0%| F|  |TAMS 0x000000008b700000, 0x000000008b700000| Untracked 
| 184|0x000000008b800000, 0x000000008b800000, 0x000000008b900000|  0%| F|  |TAMS 0x000000008b800000, 0x000000008b800000| Untracked 
| 185|0x000000008b900000, 0x000000008b900000, 0x000000008ba00000|  0%| F|  |TAMS 0x000000008b900000, 0x000000008b900000| Untracked 
| 186|0x000000008ba00000, 0x000000008ba00000, 0x000000008bb00000|  0%| F|  |TAMS 0x000000008ba00000, 0x000000008ba00000| Untracked 
| 187|0x000000008bb00000, 0x000000008bba9ec0, 0x000000008bc00000| 66%| S|CS|TAMS 0x000000008bb00000, 0x000000008bb00000| Complete 
| 188|0x000000008bc00000, 0x000000008bd00000, 0x000000008bd00000|100%| S|CS|TAMS 0x000000008bc00000, 0x000000008bc00000| Complete 
| 189|0x000000008bd00000, 0x000000008be00000, 0x000000008be00000|100%| S|CS|TAMS 0x000000008bd00000, 0x000000008bd00000| Complete 
| 190|0x000000008be00000, 0x000000008bf00000, 0x000000008bf00000|100%| S|CS|TAMS 0x000000008be00000, 0x000000008be00000| Complete 
| 191|0x000000008bf00000, 0x000000008c000000, 0x000000008c000000|100%| S|CS|TAMS 0x000000008bf00000, 0x000000008bf00000| Complete 
| 192|0x000000008c000000, 0x000000008c100000, 0x000000008c100000|100%| S|CS|TAMS 0x000000008c000000, 0x000000008c000000| Complete 
| 193|0x000000008c100000, 0x000000008c200000, 0x000000008c200000|100%| S|CS|TAMS 0x000000008c100000, 0x000000008c100000| Complete 
| 194|0x000000008c200000, 0x000000008c200000, 0x000000008c300000|  0%| F|  |TAMS 0x000000008c200000, 0x000000008c200000| Untracked 
| 195|0x000000008c300000, 0x000000008c300000, 0x000000008c400000|  0%| F|  |TAMS 0x000000008c300000, 0x000000008c300000| Untracked 
| 196|0x000000008c400000, 0x000000008c400000, 0x000000008c500000|  0%| F|  |TAMS 0x000000008c400000, 0x000000008c400000| Untracked 
| 197|0x000000008c500000, 0x000000008c500000, 0x000000008c600000|  0%| F|  |TAMS 0x000000008c500000, 0x000000008c500000| Untracked 
| 198|0x000000008c600000, 0x000000008c600000, 0x000000008c700000|  0%| F|  |TAMS 0x000000008c600000, 0x000000008c600000| Untracked 
| 199|0x000000008c700000, 0x000000008c700000, 0x000000008c800000|  0%| F|  |TAMS 0x000000008c700000, 0x000000008c700000| Untracked 
| 200|0x000000008c800000, 0x000000008c800000, 0x000000008c900000|  0%| F|  |TAMS 0x000000008c800000, 0x000000008c800000| Untracked 
| 201|0x000000008c900000, 0x000000008c900000, 0x000000008ca00000|  0%| F|  |TAMS 0x000000008c900000, 0x000000008c900000| Untracked 
| 202|0x000000008ca00000, 0x000000008ca00000, 0x000000008cb00000|  0%| F|  |TAMS 0x000000008ca00000, 0x000000008ca00000| Untracked 
| 203|0x000000008cb00000, 0x000000008cb00000, 0x000000008cc00000|  0%| F|  |TAMS 0x000000008cb00000, 0x000000008cb00000| Untracked 
| 204|0x000000008cc00000, 0x000000008cc00000, 0x000000008cd00000|  0%| F|  |TAMS 0x000000008cc00000, 0x000000008cc00000| Untracked 
| 205|0x000000008cd00000, 0x000000008cd00000, 0x000000008ce00000|  0%| F|  |TAMS 0x000000008cd00000, 0x000000008cd00000| Untracked 
| 206|0x000000008ce00000, 0x000000008ce00000, 0x000000008cf00000|  0%| F|  |TAMS 0x000000008ce00000, 0x000000008ce00000| Untracked 
| 207|0x000000008cf00000, 0x000000008cf00000, 0x000000008d000000|  0%| F|  |TAMS 0x000000008cf00000, 0x000000008cf00000| Untracked 
| 208|0x000000008d000000, 0x000000008d000000, 0x000000008d100000|  0%| F|  |TAMS 0x000000008d000000, 0x000000008d000000| Untracked 
| 209|0x000000008d100000, 0x000000008d100000, 0x000000008d200000|  0%| F|  |TAMS 0x000000008d100000, 0x000000008d100000| Untracked 
| 210|0x000000008d200000, 0x000000008d200000, 0x000000008d300000|  0%| F|  |TAMS 0x000000008d200000, 0x000000008d200000| Untracked 
| 211|0x000000008d300000, 0x000000008d300000, 0x000000008d400000|  0%| F|  |TAMS 0x000000008d300000, 0x000000008d300000| Untracked 
| 212|0x000000008d400000, 0x000000008d400000, 0x000000008d500000|  0%| F|  |TAMS 0x000000008d400000, 0x000000008d400000| Untracked 
| 213|0x000000008d500000, 0x000000008d500000, 0x000000008d600000|  0%| F|  |TAMS 0x000000008d500000, 0x000000008d500000| Untracked 
| 214|0x000000008d600000, 0x000000008d600000, 0x000000008d700000|  0%| F|  |TAMS 0x000000008d600000, 0x000000008d600000| Untracked 
| 215|0x000000008d700000, 0x000000008d700000, 0x000000008d800000|  0%| F|  |TAMS 0x000000008d700000, 0x000000008d700000| Untracked 
| 216|0x000000008d800000, 0x000000008d800000, 0x000000008d900000|  0%| F|  |TAMS 0x000000008d800000, 0x000000008d800000| Untracked 
| 217|0x000000008d900000, 0x000000008d900000, 0x000000008da00000|  0%| F|  |TAMS 0x000000008d900000, 0x000000008d900000| Untracked 
| 218|0x000000008da00000, 0x000000008da00000, 0x000000008db00000|  0%| F|  |TAMS 0x000000008da00000, 0x000000008da00000| Untracked 
| 219|0x000000008db00000, 0x000000008db00000, 0x000000008dc00000|  0%| F|  |TAMS 0x000000008db00000, 0x000000008db00000| Untracked 
| 220|0x000000008dc00000, 0x000000008dc00000, 0x000000008dd00000|  0%| F|  |TAMS 0x000000008dc00000, 0x000000008dc00000| Untracked 
| 221|0x000000008dd00000, 0x000000008dd00000, 0x000000008de00000|  0%| F|  |TAMS 0x000000008dd00000, 0x000000008dd00000| Untracked 
| 222|0x000000008de00000, 0x000000008de00000, 0x000000008df00000|  0%| F|  |TAMS 0x000000008de00000, 0x000000008de00000| Untracked 
| 223|0x000000008df00000, 0x000000008df00000, 0x000000008e000000|  0%| F|  |TAMS 0x000000008df00000, 0x000000008df00000| Untracked 
| 224|0x000000008e000000, 0x000000008e000000, 0x000000008e100000|  0%| F|  |TAMS 0x000000008e000000, 0x000000008e000000| Untracked 
| 225|0x000000008e100000, 0x000000008e100000, 0x000000008e200000|  0%| F|  |TAMS 0x000000008e100000, 0x000000008e100000| Untracked 
| 226|0x000000008e200000, 0x000000008e200000, 0x000000008e300000|  0%| F|  |TAMS 0x000000008e200000, 0x000000008e200000| Untracked 
| 227|0x000000008e300000, 0x000000008e300000, 0x000000008e400000|  0%| F|  |TAMS 0x000000008e300000, 0x000000008e300000| Untracked 
| 228|0x000000008e400000, 0x000000008e400000, 0x000000008e500000|  0%| F|  |TAMS 0x000000008e400000, 0x000000008e400000| Untracked 
| 229|0x000000008e500000, 0x000000008e500000, 0x000000008e600000|  0%| F|  |TAMS 0x000000008e500000, 0x000000008e500000| Untracked 
| 230|0x000000008e600000, 0x000000008e600000, 0x000000008e700000|  0%| F|  |TAMS 0x000000008e600000, 0x000000008e600000| Untracked 
| 231|0x000000008e700000, 0x000000008e700000, 0x000000008e800000|  0%| F|  |TAMS 0x000000008e700000, 0x000000008e700000| Untracked 
| 232|0x000000008e800000, 0x000000008e82beb0, 0x000000008e900000| 17%| E|  |TAMS 0x000000008e800000, 0x000000008e800000| Complete 
| 233|0x000000008e900000, 0x000000008ea00000, 0x000000008ea00000|100%| E|CS|TAMS 0x000000008e900000, 0x000000008e900000| Complete 
| 234|0x000000008ea00000, 0x000000008eb00000, 0x000000008eb00000|100%| E|CS|TAMS 0x000000008ea00000, 0x000000008ea00000| Complete 
| 235|0x000000008eb00000, 0x000000008ec00000, 0x000000008ec00000|100%| E|CS|TAMS 0x000000008eb00000, 0x000000008eb00000| Complete 
| 236|0x000000008ec00000, 0x000000008ed00000, 0x000000008ed00000|100%| E|CS|TAMS 0x000000008ec00000, 0x000000008ec00000| Complete 
| 237|0x000000008ed00000, 0x000000008ee00000, 0x000000008ee00000|100%| E|CS|TAMS 0x000000008ed00000, 0x000000008ed00000| Complete 
| 238|0x000000008ee00000, 0x000000008ef00000, 0x000000008ef00000|100%| E|CS|TAMS 0x000000008ee00000, 0x000000008ee00000| Complete 
| 239|0x000000008ef00000, 0x000000008f000000, 0x000000008f000000|100%| E|CS|TAMS 0x000000008ef00000, 0x000000008ef00000| Complete 
| 240|0x000000008f000000, 0x000000008f100000, 0x000000008f100000|100%| E|CS|TAMS 0x000000008f000000, 0x000000008f000000| Complete 
| 241|0x000000008f100000, 0x000000008f200000, 0x000000008f200000|100%| E|CS|TAMS 0x000000008f100000, 0x000000008f100000| Complete 
| 242|0x000000008f200000, 0x000000008f300000, 0x000000008f300000|100%| E|CS|TAMS 0x000000008f200000, 0x000000008f200000| Complete 
| 243|0x000000008f300000, 0x000000008f400000, 0x000000008f400000|100%| E|CS|TAMS 0x000000008f300000, 0x000000008f300000| Complete 
| 244|0x000000008f400000, 0x000000008f500000, 0x000000008f500000|100%| E|CS|TAMS 0x000000008f400000, 0x000000008f400000| Complete 
| 245|0x000000008f500000, 0x000000008f600000, 0x000000008f600000|100%| E|CS|TAMS 0x000000008f500000, 0x000000008f500000| Complete 
| 246|0x000000008f600000, 0x000000008f700000, 0x000000008f700000|100%| E|CS|TAMS 0x000000008f600000, 0x000000008f600000| Complete 
| 247|0x000000008f700000, 0x000000008f800000, 0x000000008f800000|100%| E|CS|TAMS 0x000000008f700000, 0x000000008f700000| Complete 
| 248|0x000000008f800000, 0x000000008f900000, 0x000000008f900000|100%| E|CS|TAMS 0x000000008f800000, 0x000000008f800000| Complete 
| 249|0x000000008f900000, 0x000000008fa00000, 0x000000008fa00000|100%| E|CS|TAMS 0x000000008f900000, 0x000000008f900000| Complete 

Card table byte_map: [0x0000023137ee0000,0x00000231382e0000] _byte_map_base: 0x0000023137ae0000

Marking Bits (Prev, Next): (CMBitMap*) 0x000002311ee2df00, (CMBitMap*) 0x000002311ee2df40
 Prev Bits: [0x00000231386e0000, 0x000002313a6e0000)
 Next Bits: [0x000002313a6e0000, 0x000002313c6e0000)

Polling page: 0x0000023127e30000

Metaspace:

Usage:
  Non-class:    133.14 MB used.
      Class:     20.25 MB used.
       Both:    153.38 MB used.

Virtual space:
  Non-class space:      192.00 MB reserved,     133.81 MB ( 70%) committed,  3 nodes.
      Class space:      416.00 MB reserved,      20.81 MB (  5%) committed,  1 nodes.
             Both:      608.00 MB reserved,     154.62 MB ( 25%) committed. 

Chunk freelists:
   Non-Class:  10.17 MB
       Class:  11.21 MB
        Both:  21.39 MB

MaxMetaspaceSize: 512.00 MB
CompressedClassSpaceSize: 416.00 MB
Initial GC threshold: 21.00 MB
Current GC threshold: 226.88 MB
CDS: on
MetaspaceReclaimPolicy: balanced
 - commit_granule_bytes: 65536.
 - commit_granule_words: 8192.
 - virtual_space_node_default_size: 8388608.
 - enlarge_chunks_in_place: 1.
 - new_chunks_are_fully_committed: 0.
 - uncommit_free_chunks: 1.
 - use_allocation_guard: 0.
 - handle_deallocations: 1.


Internal statistics:

num_allocs_failed_limit: 9.
num_arena_births: 1522.
num_arena_deaths: 24.
num_vsnodes_births: 4.
num_vsnodes_deaths: 0.
num_space_committed: 2472.
num_space_uncommitted: 0.
num_chunks_returned_to_freelist: 50.
num_chunks_taken_from_freelist: 7799.
num_chunk_merges: 14.
num_chunk_splits: 5609.
num_chunks_enlarged: 4221.
num_inconsistent_stats: 0.

CodeHeap 'non-profiled nmethods': size=120000Kb used=9290Kb max_used=9290Kb free=110709Kb
 bounds [0x000002312f920000, 0x0000023130240000, 0x0000023136e50000]
CodeHeap 'profiled nmethods': size=120000Kb used=35958Kb max_used=35958Kb free=84041Kb
 bounds [0x0000023127e50000, 0x000002312a170000, 0x000002312f380000]
CodeHeap 'non-nmethods': size=5760Kb used=2584Kb max_used=2632Kb free=3175Kb
 bounds [0x000002312f380000, 0x000002312f620000, 0x000002312f920000]
 total_blobs=18183 nmethods=17034 adapters=1058
 compilation: enabled
              stopped_count=0, restarted_count=0
 full_count=0

Compilation events (20 events):
Event: 142.495 Thread 0x000002313f3be1a0 20093       3       org.gradle.api.internal.initialization.DefaultScriptClassPathResolver::lambda$resolveClassPath$2 (37 bytes)
Event: 142.495 Thread 0x000002313f3be1a0 nmethod 20093 0x000002312a169290 code [0x000002312a169440, 0x000002312a169858]
Event: 142.497 Thread 0x000002313f3be1a0 20094       3       org.gradle.internal.classpath.DefaultCachedClasspathTransformer::lambda$transformAll$11 (14 bytes)
Event: 142.498 Thread 0x000002313f3be1a0 nmethod 20094 0x000002312a169910 code [0x000002312a169ae0, 0x000002312a169e88]
Event: 142.498 Thread 0x000002313f3be1a0 20095       3       org.gradle.internal.classpath.DefaultCachedClasspathTransformer$$Lambda$305/0x00000231413106d0::call (20 bytes)
Event: 142.498 Thread 0x000002313f3be1a0 nmethod 20095 0x000002312a16a090 code [0x000002312a16a240, 0x000002312a16a3e8]
Event: 142.498 Thread 0x000002313f3be1a0 20096       3       org.gradle.internal.classpath.DefaultCachedClasspathTransformer::transformFile (29 bytes)
Event: 142.499 Thread 0x000002313f3be1a0 nmethod 20096 0x000002312a16a510 code [0x000002312a16a740, 0x000002312a16af78]
Event: 142.499 Thread 0x000002313f3be1a0 20098       3       org.gradle.internal.classpath.DefaultCachedClasspathTransformer$$Lambda$313/0x0000023141311ee8::call (16 bytes)
Event: 142.500 Thread 0x000002313f3be1a0 nmethod 20098 0x000002312a16b310 code [0x000002312a16b4e0, 0x000002312a16b928]
Event: 142.500 Thread 0x000002313f3be1a0 20097       3       java.util.concurrent.FutureTask::isDone (13 bytes)
Event: 142.500 Thread 0x000002313f3be1a0 nmethod 20097 0x000002312a16bb10 code [0x000002312a16bca0, 0x000002312a16be18]
Event: 142.503 Thread 0x000002313f3be1a0 20099       3       sun.nio.fs.WindowsPath::getNameCount (10 bytes)
Event: 142.504 Thread 0x000002313f3be1a0 nmethod 20099 0x000002312a16be90 code [0x000002312a16c040, 0x000002312a16c188]
Event: 142.509 Thread 0x000002313f3be1a0 20100       3       org.gradle.internal.hash.HashCode$HashCode128::equals (57 bytes)
Event: 142.510 Thread 0x000002313f3be1a0 nmethod 20100 0x000002312a16c290 code [0x000002312a16c440, 0x000002312a16c838]
Event: 142.518 Thread 0x000002313f3be1a0 20101   !   3       sun.nio.ch.NativeThreadSet::add (155 bytes)
Event: 142.520 Thread 0x000002313f3be1a0 nmethod 20101 0x000002312a16c910 code [0x000002312a16cae0, 0x000002312a16d0e8]
Event: 142.520 Thread 0x000002313f3be1a0 20102   !   3       sun.nio.ch.NativeThreadSet::remove (50 bytes)
Event: 142.521 Thread 0x000002313f3be1a0 nmethod 20102 0x000002312a16d390 code [0x000002312a16d540, 0x000002312a16d828]

GC Heap History (20 events):
Event: 103.053 GC heap before
{Heap before GC invocations=44 (full 0):
 garbage-first heap   total 229376K, used 194382K [0x0000000080000000, 0x0000000100000000)
  region size 1024K, 64 young (65536K), 8 survivors (8192K)
 Metaspace       used 135063K, committed 136128K, reserved 557056K
  class space    used 17563K, committed 18048K, reserved 425984K
}
Event: 103.092 GC heap after
{Heap after GC invocations=45 (full 0):
 garbage-first heap   total 229376K, used 144077K [0x0000000080000000, 0x0000000100000000)
  region size 1024K, 8 young (8192K), 8 survivors (8192K)
 Metaspace       used 135063K, committed 136128K, reserved 557056K
  class space    used 17563K, committed 18048K, reserved 425984K
}
Event: 104.520 GC heap before
{Heap before GC invocations=45 (full 0):
 garbage-first heap   total 229376K, used 193229K [0x0000000080000000, 0x0000000100000000)
  region size 1024K, 54 young (55296K), 8 survivors (8192K)
 Metaspace       used 138080K, committed 139136K, reserved 557056K
  class space    used 17902K, committed 18368K, reserved 425984K
}
Event: 104.553 GC heap after
{Heap after GC invocations=46 (full 0):
 garbage-first heap   total 229376K, used 149119K [0x0000000080000000, 0x0000000100000000)
  region size 1024K, 5 young (5120K), 5 survivors (5120K)
 Metaspace       used 138080K, committed 139136K, reserved 557056K
  class space    used 17902K, committed 18368K, reserved 425984K
}
Event: 105.503 GC heap before
{Heap before GC invocations=47 (full 0):
 garbage-first heap   total 256000K, used 196223K [0x0000000080000000, 0x0000000100000000)
  region size 1024K, 46 young (47104K), 5 survivors (5120K)
 Metaspace       used 139858K, committed 140928K, reserved 557056K
  class space    used 18140K, committed 18624K, reserved 425984K
}
Event: 105.509 GC heap after
{Heap after GC invocations=48 (full 0):
 garbage-first heap   total 256000K, used 151479K [0x0000000080000000, 0x0000000100000000)
  region size 1024K, 4 young (4096K), 4 survivors (4096K)
 Metaspace       used 139858K, committed 140928K, reserved 557056K
  class space    used 18140K, committed 18624K, reserved 425984K
}
Event: 105.686 GC heap before
{Heap before GC invocations=48 (full 0):
 garbage-first heap   total 256000K, used 159671K [0x0000000080000000, 0x0000000100000000)
  region size 1024K, 12 young (12288K), 4 survivors (4096K)
 Metaspace       used 140287K, committed 141376K, reserved 557056K
  class space    used 18213K, committed 18752K, reserved 425984K
}
Event: 105.692 GC heap after
{Heap after GC invocations=49 (full 0):
 garbage-first heap   total 256000K, used 140595K [0x0000000080000000, 0x0000000100000000)
  region size 1024K, 1 young (1024K), 1 survivors (1024K)
 Metaspace       used 140287K, committed 141376K, reserved 557056K
  class space    used 18213K, committed 18752K, reserved 425984K
}
Event: 107.325 GC heap before
{Heap before GC invocations=49 (full 0):
 garbage-first heap   total 256000K, used 208179K [0x0000000080000000, 0x0000000100000000)
  region size 1024K, 67 young (68608K), 1 survivors (1024K)
 Metaspace       used 144638K, committed 145728K, reserved 557056K
  class space    used 18772K, committed 19264K, reserved 425984K
}
Event: 107.330 GC heap after
{Heap after GC invocations=50 (full 0):
 garbage-first heap   total 256000K, used 142749K [0x0000000080000000, 0x0000000100000000)
  region size 1024K, 3 young (3072K), 3 survivors (3072K)
 Metaspace       used 144638K, committed 145728K, reserved 557056K
  class space    used 18772K, committed 19264K, reserved 425984K
}
Event: 109.785 GC heap before
{Heap before GC invocations=50 (full 0):
 garbage-first heap   total 256000K, used 211357K [0x0000000080000000, 0x0000000100000000)
  region size 1024K, 70 young (71680K), 3 survivors (3072K)
 Metaspace       used 146105K, committed 147264K, reserved 557056K
  class space    used 18982K, committed 19520K, reserved 425984K
}
Event: 109.791 GC heap after
{Heap after GC invocations=51 (full 0):
 garbage-first heap   total 256000K, used 147172K [0x0000000080000000, 0x0000000100000000)
  region size 1024K, 7 young (7168K), 7 survivors (7168K)
 Metaspace       used 146105K, committed 147264K, reserved 557056K
  class space    used 18982K, committed 19520K, reserved 425984K
}
Event: 124.134 GC heap before
{Heap before GC invocations=51 (full 0):
 garbage-first heap   total 256000K, used 212708K [0x0000000080000000, 0x0000000100000000)
  region size 1024K, 71 young (72704K), 7 survivors (7168K)
 Metaspace       used 149287K, committed 150464K, reserved 557056K
  class space    used 19431K, committed 19968K, reserved 425984K
}
Event: 124.156 GC heap after
{Heap after GC invocations=52 (full 0):
 garbage-first heap   total 256000K, used 151341K [0x0000000080000000, 0x0000000100000000)
  region size 1024K, 9 young (9216K), 9 survivors (9216K)
 Metaspace       used 149287K, committed 150464K, reserved 557056K
  class space    used 19431K, committed 19968K, reserved 425984K
}
Event: 125.490 GC heap before
{Heap before GC invocations=52 (full 0):
 garbage-first heap   total 256000K, used 213805K [0x0000000080000000, 0x0000000100000000)
  region size 1024K, 70 young (71680K), 9 survivors (9216K)
 Metaspace       used 152825K, committed 153984K, reserved 622592K
  class space    used 20081K, committed 20608K, reserved 425984K
}
Event: 125.505 GC heap after
{Heap after GC invocations=53 (full 0):
 garbage-first heap   total 256000K, used 152821K [0x0000000080000000, 0x0000000100000000)
  region size 1024K, 6 young (6144K), 6 survivors (6144K)
 Metaspace       used 152825K, committed 153984K, reserved 622592K
  class space    used 20081K, committed 20608K, reserved 425984K
}
Event: 137.037 GC heap before
{Heap before GC invocations=53 (full 0):
 garbage-first heap   total 256000K, used 216309K [0x0000000080000000, 0x0000000100000000)
  region size 1024K, 68 young (69632K), 6 survivors (6144K)
 Metaspace       used 155086K, committed 156224K, reserved 622592K
  class space    used 20382K, committed 20928K, reserved 425984K
}
Event: 137.065 GC heap after
{Heap after GC invocations=54 (full 0):
 garbage-first heap   total 256000K, used 158518K [0x0000000080000000, 0x0000000100000000)
  region size 1024K, 8 young (8192K), 8 survivors (8192K)
 Metaspace       used 155086K, committed 156224K, reserved 622592K
  class space    used 20382K, committed 20928K, reserved 425984K
}
Event: 139.340 GC heap before
{Heap before GC invocations=54 (full 0):
 garbage-first heap   total 256000K, used 222006K [0x0000000080000000, 0x0000000100000000)
  region size 1024K, 64 young (65536K), 8 survivors (8192K)
 Metaspace       used 156733K, committed 157952K, reserved 622592K
  class space    used 20691K, committed 21248K, reserved 425984K
}
Event: 139.381 GC heap after
{Heap after GC invocations=55 (full 0):
 garbage-first heap   total 256000K, used 170866K [0x0000000080000000, 0x0000000100000000)
  region size 1024K, 7 young (7168K), 7 survivors (7168K)
 Metaspace       used 156733K, committed 157952K, reserved 622592K
  class space    used 20691K, committed 21248K, reserved 425984K
}

Deoptimization events (20 events):
Event: 126.036 Thread 0x000002313f60a380 DEOPT PACKING pc=0x000002312fd6c088 sp=0x0000008004dfe070
Event: 126.036 Thread 0x000002313f60a380 DEOPT UNPACKING pc=0x000002312f3d23a3 sp=0x0000008004dfdf20 mode 2
Event: 136.335 Thread 0x000002313f609450 DEOPT PACKING pc=0x0000023127eedd33 sp=0x0000008004af8a00
Event: 136.335 Thread 0x000002313f609450 DEOPT UNPACKING pc=0x000002312f3d2b43 sp=0x0000008004af7f38 mode 0
Event: 137.119 Thread 0x000002313f609450 DEOPT PACKING pc=0x0000023129857a44 sp=0x0000008004af6c10
Event: 137.119 Thread 0x000002313f609450 DEOPT UNPACKING pc=0x000002312f3d2b43 sp=0x0000008004af6130 mode 0
Event: 138.837 Thread 0x000002313f609450 Uncommon trap: trap_request=0xffffffde fr.pc=0x000002312f9cddbc relative=0x000000000000003c
Event: 138.837 Thread 0x000002313f609450 Uncommon trap: reason=class_check action=maybe_recompile pc=0x000002312f9cddbc method=java.lang.StringConcatHelper.stringOf(Ljava/lang/Object;)Ljava/lang/String; @ 5 c2
Event: 138.837 Thread 0x000002313f609450 DEOPT PACKING pc=0x000002312f9cddbc sp=0x0000008004af88b0
Event: 138.837 Thread 0x000002313f609450 DEOPT UNPACKING pc=0x000002312f3d23a3 sp=0x0000008004af8840 mode 2
Event: 138.843 Thread 0x000002313f609450 Uncommon trap: trap_request=0xffffffde fr.pc=0x000002312f9cddbc relative=0x000000000000003c
Event: 138.844 Thread 0x000002313f609450 Uncommon trap: reason=class_check action=maybe_recompile pc=0x000002312f9cddbc method=java.lang.StringConcatHelper.stringOf(Ljava/lang/Object;)Ljava/lang/String; @ 5 c2
Event: 138.844 Thread 0x000002313f609450 DEOPT PACKING pc=0x000002312f9cddbc sp=0x0000008004af88b0
Event: 138.844 Thread 0x000002313f609450 DEOPT UNPACKING pc=0x000002312f3d23a3 sp=0x0000008004af8840 mode 2
Event: 138.955 Thread 0x000002313f609450 Uncommon trap: trap_request=0xffffff76 fr.pc=0x00000231301fbc98 relative=0x00000000000003d8
Event: 138.955 Thread 0x000002313f609450 Uncommon trap: reason=predicate action=maybe_recompile pc=0x00000231301fbc98 method=java.util.AbstractCollection.toArray([Ljava/lang/Object;)[Ljava/lang/Object; @ 43 c2
Event: 138.955 Thread 0x000002313f609450 DEOPT PACKING pc=0x00000231301fbc98 sp=0x0000008004af8510
Event: 138.955 Thread 0x000002313f609450 DEOPT UNPACKING pc=0x000002312f3d23a3 sp=0x0000008004af84a8 mode 2
Event: 138.971 Thread 0x000002313f609450 DEOPT PACKING pc=0x000002312873c585 sp=0x0000008004af5210
Event: 138.971 Thread 0x000002313f609450 DEOPT UNPACKING pc=0x000002312f3d2b43 sp=0x0000008004af46a8 mode 0

Classes unloaded (20 events):
Event: 12.929 Thread 0x000002313f39e290 Unloading class 0x0000023141319000 'java/lang/invoke/LambdaForm$DMH+0x0000023141319000'
Event: 12.929 Thread 0x000002313f39e290 Unloading class 0x0000023141318000 'java/lang/invoke/LambdaForm$DMH+0x0000023141318000'
Event: 12.929 Thread 0x000002313f39e290 Unloading class 0x0000023141318800 'java/lang/invoke/LambdaForm$DMH+0x0000023141318800'
Event: 12.929 Thread 0x000002313f39e290 Unloading class 0x0000023141315c00 'java/lang/invoke/LambdaForm$DMH+0x0000023141315c00'
Event: 12.929 Thread 0x000002313f39e290 Unloading class 0x0000023141315800 'java/lang/invoke/LambdaForm$DMH+0x0000023141315800'
Event: 77.468 Thread 0x000002313f39e290 Unloading class 0x00000231415c0800 '_BuildScript_'
Event: 77.468 Thread 0x000002313f39e290 Unloading class 0x00000231415bd918 '_BuildScript_$_run_closure1$_closure2'
Event: 77.468 Thread 0x000002313f39e290 Unloading class 0x00000231415bd530 '_BuildScript_$_run_closure1'
Event: 77.468 Thread 0x000002313f39e290 Unloading class 0x00000231415bd000 '_BuildScript_'
Event: 77.468 Thread 0x000002313f39e290 Unloading class 0x00000231415ba000 '_BuildScript_$_run_closure1$_closure2'
Event: 77.468 Thread 0x000002313f39e290 Unloading class 0x00000231415b9918 '_BuildScript_$_run_closure1'
Event: 77.468 Thread 0x000002313f39e290 Unloading class 0x00000231415b93e8 '_BuildScript_'
Event: 77.468 Thread 0x000002313f39e290 Unloading class 0x00000231415b9000 'ProtobufPatchPlugin$_apply_closure1$_closure2$_closure3$_closure4'
Event: 77.468 Thread 0x000002313f39e290 Unloading class 0x00000231415b8a98 'ProtobufPatchPlugin$_apply_closure1$_closure2$_closure3'
Event: 77.468 Thread 0x000002313f39e290 Unloading class 0x00000231415b86b0 'ProtobufPatchPlugin$_apply_closure1$_closure2'
Event: 77.468 Thread 0x000002313f39e290 Unloading class 0x00000231415b82c8 'ProtobufPatchPlugin$_apply_closure1'
Event: 77.468 Thread 0x000002313f39e290 Unloading class 0x00000231415b8000 'ProtobufPatchPlugin'
Event: 77.468 Thread 0x000002313f39e290 Unloading class 0x0000023141318be8 '_BuildScript_$_run_closure1$_closure2'
Event: 77.469 Thread 0x000002313f39e290 Unloading class 0x0000023141318800 '_BuildScript_$_run_closure1'
Event: 77.469 Thread 0x000002313f39e290 Unloading class 0x0000023141510800 '_BuildScript_'

Classes redefined (0 events):
No events

Internal exceptions (20 events):
Event: 139.259 Thread 0x000002313f609450 Exception <a 'java/lang/ClassNotFoundException'{0x000000008c417318}: org/gradle/api/internal/component/DefaultSoftwareComponentContainer_DecoratedBeanInfo> (0x000000008c417318) 
thrown [s\open\src\hotspot\share\classfile\systemDictionary.cpp, line 256]
Event: 139.262 Thread 0x000002313f609450 Exception <a 'java/lang/ClassNotFoundException'{0x000000008c426b58}: org/gradle/api/internal/component/DefaultSoftwareComponentContainerBeanInfo> (0x000000008c426b58) 
thrown [s\open\src\hotspot\share\classfile\systemDictionary.cpp, line 256]
Event: 139.264 Thread 0x000002313f609450 Exception <a 'java/lang/ClassNotFoundException'{0x000000008c436360}: org/gradle/api/internal/component/DefaultSoftwareComponentContainerCustomizer> (0x000000008c436360) 
thrown [s\open\src\hotspot\share\classfile\systemDictionary.cpp, line 256]
Event: 139.267 Thread 0x000002313f609450 Exception <a 'java/lang/ClassNotFoundException'{0x000000008c453818}: org/gradle/api/internal/component/DefaultSoftwareComponentContainer_DecoratedCustomizer> (0x000000008c453818) 
thrown [s\open\src\hotspot\share\classfile\systemDictionary.cpp, line 256]
Event: 139.313 Thread 0x000002313f609450 Exception <a 'java/lang/ClassNotFoundException'{0x000000008c3a98a8}: org/gradle/api/internal/artifacts/repositories/DefaultMavenLocalArtifactRepository_DecoratedBeanInfo> (0x000000008c3a98a8) 
thrown [s\open\src\hotspot\share\classfile\systemDictionary.cpp, line 256]
Event: 139.315 Thread 0x000002313f609450 Exception <a 'java/lang/ClassNotFoundException'{0x000000008c3bd7c0}: org/gradle/api/internal/artifacts/repositories/DefaultMavenLocalArtifactRepositoryBeanInfo> (0x000000008c3bd7c0) 
thrown [s\open\src\hotspot\share\classfile\systemDictionary.cpp, line 256]
Event: 139.317 Thread 0x000002313f609450 Exception <a 'java/lang/ClassNotFoundException'{0x000000008c3d0430}: org/gradle/api/internal/artifacts/repositories/DefaultMavenLocalArtifactRepositoryCustomizer> (0x000000008c3d0430) 
thrown [s\open\src\hotspot\share\classfile\systemDictionary.cpp, line 256]
Event: 139.319 Thread 0x000002313f609450 Exception <a 'java/lang/ClassNotFoundException'{0x000000008c3ee548}: org/gradle/api/internal/artifacts/repositories/DefaultMavenLocalArtifactRepository_DecoratedCustomizer> (0x000000008c3ee548) 
thrown [s\open\src\hotspot\share\classfile\systemDictionary.cpp, line 256]
Event: 139.535 Thread 0x000002313f609450 Exception <a 'java/lang/ClassNotFoundException'{0x000000008f9ce658}: build_chu5jsdqvp2qkbcpe6h8eqcq1BeanInfo> (0x000000008f9ce658) 
thrown [s\open\src\hotspot\share\classfile\systemDictionary.cpp, line 256]
Event: 139.536 Thread 0x000002313f609450 Exception <a 'java/lang/ClassNotFoundException'{0x000000008f9d5068}: build_chu5jsdqvp2qkbcpe6h8eqcq1Customizer> (0x000000008f9d5068) 
thrown [s\open\src\hotspot\share\classfile\systemDictionary.cpp, line 256]
Event: 139.810 Thread 0x000002313f609450 Exception <a 'java/lang/ClassNotFoundException'{0x000000008f659db8}: build_chu5jsdqvp2qkbcpe6h8eqcq1BeanInfo> (0x000000008f659db8) 
thrown [s\open\src\hotspot\share\classfile\systemDictionary.cpp, line 256]
Event: 139.810 Thread 0x000002313f609450 Exception <a 'java/lang/ClassNotFoundException'{0x000000008f660768}: build_chu5jsdqvp2qkbcpe6h8eqcq1Customizer> (0x000000008f660768) 
thrown [s\open\src\hotspot\share\classfile\systemDictionary.cpp, line 256]
Event: 140.500 Thread 0x000002313f609450 Exception <a 'java/lang/ClassNotFoundException'{0x000000008ee88998}: autolinking_9wpm18hv9jghy6izfagbojff7BeanInfo> (0x000000008ee88998) 
thrown [s\open\src\hotspot\share\classfile\systemDictionary.cpp, line 256]
Event: 140.502 Thread 0x000002313f609450 Exception <a 'java/lang/ClassNotFoundException'{0x000000008ee91f00}: autolinking_9wpm18hv9jghy6izfagbojff7Customizer> (0x000000008ee91f00) 
thrown [s\open\src\hotspot\share\classfile\systemDictionary.cpp, line 256]
Event: 141.419 Thread 0x000002313f609450 Exception <a 'java/lang/ClassNotFoundException'{0x000000008edd9e30}: autolinking_implementation_8j3s1x58selm9lx9m6ygcsez3BeanInfo> (0x000000008edd9e30) 
thrown [s\open\src\hotspot\share\classfile\systemDictionary.cpp, line 256]
Event: 141.420 Thread 0x000002313f609450 Exception <a 'java/lang/ClassNotFoundException'{0x000000008ede0b40}: autolinking_implementation_8j3s1x58selm9lx9m6ygcsez3Customizer> (0x000000008ede0b40) 
thrown [s\open\src\hotspot\share\classfile\systemDictionary.cpp, line 256]
Event: 141.500 Thread 0x000002313f609450 Exception <a 'java/lang/ClassNotFoundException'{0x000000008ec534a8}: ExpoAutolinkingManagerBeanInfo> (0x000000008ec534a8) 
thrown [s\open\src\hotspot\share\classfile\systemDictionary.cpp, line 256]
Event: 141.501 Thread 0x000002313f609450 Exception <a 'java/lang/ClassNotFoundException'{0x000000008ec5da50}: ExpoAutolinkingManagerCustomizer> (0x000000008ec5da50) 
thrown [s\open\src\hotspot\share\classfile\systemDictionary.cpp, line 256]
Event: 142.434 Thread 0x000002313f609450 Exception <a 'java/lang/ClassNotFoundException'{0x000000008ea54148}: build_7j8g1mhmqjsso3g5vaszsc1zsBeanInfo> (0x000000008ea54148) 
thrown [s\open\src\hotspot\share\classfile\systemDictionary.cpp, line 256]
Event: 142.436 Thread 0x000002313f609450 Exception <a 'java/lang/ClassNotFoundException'{0x000000008ea62d70}: build_7j8g1mhmqjsso3g5vaszsc1zsCustomizer> (0x000000008ea62d70) 
thrown [s\open\src\hotspot\share\classfile\systemDictionary.cpp, line 256]

VM Operations (20 events):
Event: 133.955 Executing VM operation: Cleanup
Event: 133.955 Executing VM operation: Cleanup done
Event: 134.956 Executing VM operation: Cleanup
Event: 134.956 Executing VM operation: Cleanup done
Event: 135.959 Executing VM operation: Cleanup
Event: 135.959 Executing VM operation: Cleanup done
Event: 136.970 Executing VM operation: Cleanup
Event: 136.971 Executing VM operation: Cleanup done
Event: 137.037 Executing VM operation: G1CollectForAllocation
Event: 137.065 Executing VM operation: G1CollectForAllocation done
Event: 137.391 Executing VM operation: HandshakeAllThreads
Event: 137.392 Executing VM operation: HandshakeAllThreads done
Event: 138.393 Executing VM operation: Cleanup
Event: 138.394 Executing VM operation: Cleanup done
Event: 139.339 Executing VM operation: G1CollectForAllocation
Event: 139.381 Executing VM operation: G1CollectForAllocation done
Event: 140.384 Executing VM operation: Cleanup
Event: 140.385 Executing VM operation: Cleanup done
Event: 141.394 Executing VM operation: Cleanup
Event: 141.394 Executing VM operation: Cleanup done

Events (20 events):
Event: 125.990 Thread 0x000002313f3c8bc0 flushing nmethod 0x0000023128cf7610
Event: 125.990 Thread 0x000002313f3c8bc0 flushing nmethod 0x0000023128d03710
Event: 125.990 Thread 0x000002313f3c8bc0 flushing nmethod 0x0000023128d06b10
Event: 125.990 Thread 0x000002313f3c8bc0 flushing nmethod 0x0000023128d0a890
Event: 125.990 Thread 0x000002313f3c8bc0 flushing nmethod 0x0000023128d0b210
Event: 136.092 Thread 0x000002315f030a90 Thread added: 0x000002315f030a90
Event: 136.092 Thread 0x0000023163597780 Thread added: 0x0000023163597780
Event: 136.093 Thread 0x00000231628dc5e0 Thread added: 0x00000231628dc5e0
Event: 136.093 Thread 0x00000231628d79f0 Thread added: 0x00000231628d79f0
Event: 136.093 Thread 0x00000231628dd510 Thread added: 0x00000231628dd510
Event: 136.093 Thread 0x00000231628dc0d0 Thread added: 0x00000231628dc0d0
Event: 136.094 Thread 0x00000231628d9d60 Thread added: 0x00000231628d9d60
Event: 136.094 Thread 0x00000231628ddf30 Thread added: 0x00000231628ddf30
Event: 136.094 Thread 0x00000231628d9340 Thread added: 0x00000231628d9340
Event: 136.094 Thread 0x00000231628d8e30 Thread added: 0x00000231628d8e30
Event: 136.095 Thread 0x00000231628d9850 Thread added: 0x00000231628d9850
Event: 137.266 loading class jdk/internal/misc/ScopedMemoryAccess$Scope$Handle
Event: 137.266 loading class jdk/internal/misc/ScopedMemoryAccess$Scope$Handle done
Event: 139.224 loading class java/beans/ParameterDescriptor
Event: 139.225 loading class java/beans/ParameterDescriptor done


Dynamic libraries:
0x00007ff79ac10000 - 0x00007ff79ac20000 	C:\Program Files\Java\jdk-17\bin\java.exe
0x00007fff1ed10000 - 0x00007fff1ef26000 	C:\WINDOWS\SYSTEM32\ntdll.dll
0x00007fff1d9c0000 - 0x00007fff1da84000 	C:\WINDOWS\System32\KERNEL32.DLL
0x00007fff1c050000 - 0x00007fff1c3f6000 	C:\WINDOWS\System32\KERNELBASE.dll
0x00007fff1c400000 - 0x00007fff1c511000 	C:\WINDOWS\System32\ucrtbase.dll
0x00007fff11430000 - 0x00007fff11449000 	C:\Program Files\Java\jdk-17\bin\jli.dll
0x00007fff0bfa0000 - 0x00007fff0bfbb000 	C:\Program Files\Java\jdk-17\bin\VCRUNTIME140.dll
0x00007fff1cb60000 - 0x00007fff1cc12000 	C:\WINDOWS\System32\ADVAPI32.dll
0x00007fff1ec20000 - 0x00007fff1ecc7000 	C:\WINDOWS\System32\msvcrt.dll
0x00007fff1d220000 - 0x00007fff1d2c8000 	C:\WINDOWS\System32\sechost.dll
0x00007fff1ca30000 - 0x00007fff1ca58000 	C:\WINDOWS\System32\bcrypt.dll
0x00007fff1d840000 - 0x00007fff1d955000 	C:\WINDOWS\System32\RPCRT4.dll
0x00007fff1cfd0000 - 0x00007fff1d17d000 	C:\WINDOWS\System32\USER32.dll
0x00007fff1c5a0000 - 0x00007fff1c5c6000 	C:\WINDOWS\System32\win32u.dll
0x00007fff1d1d0000 - 0x00007fff1d1f9000 	C:\WINDOWS\System32\GDI32.dll
0x00007ffef5f40000 - 0x00007ffef61d3000 	C:\WINDOWS\WinSxS\amd64_microsoft.windows.common-controls_6595b64144ccf1df_6.0.22621.3235_none_270f74e173860f98\COMCTL32.dll
0x00007fff1c910000 - 0x00007fff1ca28000 	C:\WINDOWS\System32\gdi32full.dll
0x00007fff1c800000 - 0x00007fff1c89a000 	C:\WINDOWS\System32\msvcp_win.dll
0x00007fff0a1f0000 - 0x00007fff0a1fa000 	C:\WINDOWS\SYSTEM32\VERSION.dll
0x00007fff1d800000 - 0x00007fff1d831000 	C:\WINDOWS\System32\IMM32.DLL
0x00007fff16d40000 - 0x00007fff16d4c000 	C:\Program Files\Java\jdk-17\bin\vcruntime140_1.dll
0x00007ffef7950000 - 0x00007ffef79de000 	C:\Program Files\Java\jdk-17\bin\msvcp140.dll
0x00007ffeccc00000 - 0x00007ffecd7df000 	C:\Program Files\Java\jdk-17\bin\server\jvm.dll
0x00007fff1cd20000 - 0x00007fff1cd28000 	C:\WINDOWS\System32\PSAPI.DLL
0x00007fff11310000 - 0x00007fff11344000 	C:\WINDOWS\SYSTEM32\WINMM.dll
0x00007fff16dd0000 - 0x00007fff16dd9000 	C:\WINDOWS\SYSTEM32\WSOCK32.dll
0x00007fff1ca80000 - 0x00007fff1caf1000 	C:\WINDOWS\System32\WS2_32.dll
0x00007fff1b050000 - 0x00007fff1b068000 	C:\WINDOWS\SYSTEM32\kernel.appcore.dll
0x00007fff0e200000 - 0x00007fff0e20a000 	C:\Program Files\Java\jdk-17\bin\jimage.dll
0x00007fff19930000 - 0x00007fff19b63000 	C:\WINDOWS\SYSTEM32\DBGHELP.DLL
0x00007fff1e890000 - 0x00007fff1ec18000 	C:\WINDOWS\System32\combase.dll
0x00007fff1cd50000 - 0x00007fff1ce27000 	C:\WINDOWS\System32\OLEAUT32.dll
0x00007ffef54c0000 - 0x00007ffef54f2000 	C:\WINDOWS\SYSTEM32\dbgcore.DLL
0x00007fff1c520000 - 0x00007fff1c59a000 	C:\WINDOWS\System32\bcryptPrimitives.dll
0x00007fff0bf90000 - 0x00007fff0bf9e000 	C:\Program Files\Java\jdk-17\bin\instrument.dll
0x00007fff0b260000 - 0x00007fff0b285000 	C:\Program Files\Java\jdk-17\bin\java.dll
0x00007ffef76e0000 - 0x00007ffef77b7000 	C:\Program Files\Java\jdk-17\bin\jsvml.dll
0x00007fff1da90000 - 0x00007fff1e2ed000 	C:\WINDOWS\System32\SHELL32.dll
0x00007fff19f60000 - 0x00007fff1a858000 	C:\WINDOWS\SYSTEM32\windows.storage.dll
0x00007fff19e20000 - 0x00007fff19f5e000 	C:\WINDOWS\SYSTEM32\wintypes.dll
0x00007fff1cc20000 - 0x00007fff1cd13000 	C:\WINDOWS\System32\SHCORE.dll
0x00007fff1cb00000 - 0x00007fff1cb5e000 	C:\WINDOWS\System32\shlwapi.dll
0x00007fff1bf80000 - 0x00007fff1bfa6000 	C:\WINDOWS\SYSTEM32\profapi.dll
0x00007fff0a840000 - 0x00007fff0a858000 	C:\Program Files\Java\jdk-17\bin\zip.dll
0x00007fff0b500000 - 0x00007fff0b519000 	C:\Program Files\Java\jdk-17\bin\net.dll
0x00007fff162b0000 - 0x00007fff163e7000 	C:\WINDOWS\SYSTEM32\WINHTTP.dll
0x00007fff1b4c0000 - 0x00007fff1b529000 	C:\WINDOWS\system32\mswsock.dll
0x00007fff0b1d0000 - 0x00007fff0b1e6000 	C:\Program Files\Java\jdk-17\bin\nio.dll
0x00007fff0cf30000 - 0x00007fff0cf40000 	C:\Program Files\Java\jdk-17\bin\verify.dll
0x00007fff0a2b0000 - 0x00007fff0a2d7000 	C:\Users\PMLS\.gradle\native\68d5fa5c4cc2d200863cafc0d521ce42e7d3e7ee720ec0a83991735586a16f82\windows-amd64\native-platform.dll
0x00007ffeee6c0000 - 0x00007ffeee804000 	C:\Users\PMLS\.gradle\native\e376f236ea51e6404a007f0833ffe2c6e607c4080706a723a18a27aeea778392\windows-amd64\native-platform-file-events.dll
0x00007fff0c670000 - 0x00007fff0c67a000 	C:\Program Files\Java\jdk-17\bin\management.dll
0x00007fff0c520000 - 0x00007fff0c52b000 	C:\Program Files\Java\jdk-17\bin\management_ext.dll
0x00007fff1b810000 - 0x00007fff1b82b000 	C:\WINDOWS\SYSTEM32\CRYPTSP.dll
0x00007fff1afb0000 - 0x00007fff1afe5000 	C:\WINDOWS\system32\rsaenh.dll
0x00007fff1b560000 - 0x00007fff1b58c000 	C:\WINDOWS\SYSTEM32\USERENV.dll
0x00007fff1b7f0000 - 0x00007fff1b7fc000 	C:\WINDOWS\SYSTEM32\CRYPTBASE.dll
0x00007fff1ab00000 - 0x00007fff1ab2d000 	C:\WINDOWS\SYSTEM32\IPHLPAPI.DLL
0x00007fff1cd40000 - 0x00007fff1cd49000 	C:\WINDOWS\System32\NSI.dll
0x00007fff159f0000 - 0x00007fff15a09000 	C:\WINDOWS\SYSTEM32\dhcpcsvc6.DLL
0x00007fff15980000 - 0x00007fff1599f000 	C:\WINDOWS\SYSTEM32\dhcpcsvc.DLL
0x00007fff1ab30000 - 0x00007fff1ac29000 	C:\WINDOWS\SYSTEM32\DNSAPI.dll
0x00007fff0bb90000 - 0x00007fff0bb9e000 	C:\Program Files\Java\jdk-17\bin\sunmscapi.dll
0x00007fff1c5d0000 - 0x00007fff1c736000 	C:\WINDOWS\System32\CRYPT32.dll
0x00007fff1b920000 - 0x00007fff1b94e000 	C:\WINDOWS\SYSTEM32\ncrypt.dll
0x00007fff1b8e0000 - 0x00007fff1b917000 	C:\WINDOWS\SYSTEM32\NTASN1.dll
0x00007ffee9b20000 - 0x00007ffee9b28000 	C:\WINDOWS\system32\wshunix.dll
0x00007fff1b070000 - 0x00007fff1b0a4000 	C:\WINDOWS\SYSTEM32\ntmarta.dll
0x00007ffeb4f10000 - 0x00007ffeb4f27000 	C:\WINDOWS\system32\napinsp.dll
0x00007ffeb0e40000 - 0x00007ffeb0e5b000 	C:\WINDOWS\system32\pnrpnsp.dll
0x00007ffeac7c0000 - 0x00007ffeac7d1000 	C:\WINDOWS\System32\winrnr.dll
0x00007ffeea360000 - 0x00007ffeea375000 	C:\WINDOWS\system32\wshbth.dll
0x00007ffec8740000 - 0x00007ffec8761000 	C:\WINDOWS\system32\nlansp_c.dll
0x00007fff0e150000 - 0x00007fff0e15a000 	C:\Windows\System32\rasadhlp.dll
0x00007fff11940000 - 0x00007fff119c3000 	C:\WINDOWS\System32\fwpuclnt.dll

dbghelp: loaded successfully - version: 4.0.5 - missing functions: none
symbol engine: initialized successfully - sym options: 0x614 - pdb path: .;C:\Program Files\Java\jdk-17\bin;C:\WINDOWS\SYSTEM32;C:\WINDOWS\WinSxS\amd64_microsoft.windows.common-controls_6595b64144ccf1df_6.0.22621.3235_none_270f74e173860f98;C:\Program Files\Java\jdk-17\bin\server;C:\Users\PMLS\.gradle\native\68d5fa5c4cc2d200863cafc0d521ce42e7d3e7ee720ec0a83991735586a16f82\windows-amd64;C:\Users\PMLS\.gradle\native\e376f236ea51e6404a007f0833ffe2c6e607c4080706a723a18a27aeea778392\windows-amd64

VM Arguments:
jvm_args: -XX:MaxMetaspaceSize=512m --add-opens=java.base/java.util=ALL-UNNAMED --add-opens=java.base/java.lang=ALL-UNNAMED --add-opens=java.base/java.lang.invoke=ALL-UNNAMED --add-opens=java.prefs/java.util.prefs=ALL-UNNAMED --add-opens=java.base/java.nio.charset=ALL-UNNAMED --add-opens=java.base/java.net=ALL-UNNAMED --add-opens=java.base/java.util.concurrent.atomic=ALL-UNNAMED -Xmx2048m -Dfile.encoding=utf8 -Duser.country=US -Duser.language=en -Duser.variant -javaagent:C:\Users\PMLS\.gradle\wrapper\dists\gradle-8.3-all\6en3ugtfdg5xnpx44z4qbwgas\gradle-8.3\lib\agents\gradle-instrumentation-agent-8.3.jar 
java_command: org.gradle.launcher.daemon.bootstrap.GradleDaemon 8.3
java_class_path (initial): C:\Users\PMLS\.gradle\wrapper\dists\gradle-8.3-all\6en3ugtfdg5xnpx44z4qbwgas\gradle-8.3\lib\gradle-launcher-8.3.jar
Launcher Type: SUN_STANDARD

[Global flags]
     intx CICompilerCount                          = 4                                         {product} {ergonomic}
   size_t CompressedClassSpaceSize                 = 436207616                                 {product} {ergonomic}
     uint ConcGCThreads                            = 3                                         {product} {ergonomic}
     uint G1ConcRefinementThreads                  = 10                                        {product} {ergonomic}
   size_t G1HeapRegionSize                         = 1048576                                   {product} {ergonomic}
    uintx GCDrainStackTargetSize                   = 64                                        {product} {ergonomic}
   size_t InitialHeapSize                          = 130023424                                 {product} {ergonomic}
   size_t MarkStackSize                            = 4194304                                   {product} {ergonomic}
   size_t MaxHeapSize                              = 2147483648                                {product} {command line}
   size_t MaxMetaspaceSize                         = 536870912                                 {product} {command line}
   size_t MaxNewSize                               = 1287651328                                {product} {ergonomic}
   size_t MinHeapDeltaBytes                        = 1048576                                   {product} {ergonomic}
   size_t MinHeapSize                              = 8388608                                   {product} {ergonomic}
    uintx NonNMethodCodeHeapSize                   = 5839372                                {pd product} {ergonomic}
    uintx NonProfiledCodeHeapSize                  = 122909434                              {pd product} {ergonomic}
    uintx ProfiledCodeHeapSize                     = 122909434                              {pd product} {ergonomic}
    uintx ReservedCodeCacheSize                    = 251658240                              {pd product} {ergonomic}
     bool SegmentedCodeCache                       = true                                      {product} {ergonomic}
   size_t SoftMaxHeapSize                          = 2147483648                             {manageable} {ergonomic}
     bool UseCompressedClassPointers               = true                           {product lp64_product} {ergonomic}
     bool UseCompressedOops                        = true                           {product lp64_product} {ergonomic}
     bool UseG1GC                                  = true                                      {product} {ergonomic}
     bool UseLargePagesIndividualAllocation        = false                                  {pd product} {ergonomic}

Logging:
Log output configuration:
 #0: stdout all=warning uptime,level,tags
 #1: stderr all=off uptime,level,tags

Environment Variables:
JAVA_HOME=C:\Program Files\Java\jdk-17
PATH=C:\Program Files\Common Files\Oracle\Java\javapath;C:\WINDOWS\system32;C:\WINDOWS;C:\WINDOWS\System32\Wbem;C:\WINDOWS\System32\WindowsPowerShell\v1.0\;C:\WINDOWS\System32\OpenSSH\;D:\Microsoft VS Code\bin;D:\New Folder\;D:\php-8.3.3-Win32-vs16-x64;D:\ComposerSetup;D:\Git\cmd;C:\Gradle\gradle-8.3\bin;C:\Users\PMLS\AppData\Local\Android\Sdk\platform-tools;C:\Users\PMLS\AppData\Local\Android\Sdk\tools;C:\Users\PMLS\AppData\Local\Programs\Python\Python312\Scripts\;C:\Users\PMLS\AppData\Local\Programs\Python\Python312\;C:\Users\PMLS\AppData\Local\Microsoft\WindowsApps;C:\Users\PMLS\AppData\Roaming\npm;C:\Users\PMLS\AppData\Roaming\Composer\vendor\bin;D:\ComposerSetup;C:\Users\PMLS\AppData\Local\GitHubDesktop\bin;D:\javaJdk\;D:\platform-tools;C:\Gradle\gradle-8.3\bin;
USERNAME=PMYLS
OS=Windows_NT
PROCESSOR_IDENTIFIER=Intel64 Family 6 Model 154 Stepping 4, GenuineIntel



---------------  S Y S T E M  ---------------

OS:
 Windows 11 , 64 bit Build 22621 (10.0.22621.3235)
OS uptime: 0 days 21:50 hours
Hyper-V role detected

CPU: total 12 (initial active 12) (6 cores per cpu, 2 threads per core) family 6 model 154 stepping 4 microcode 0x424, cx8, cmov, fxsr, ht, mmx, 3dnowpref, sse, sse2, sse3, ssse3, sse4.1, sse4.2, popcnt, lzcnt, tsc, tscinvbit, avx, avx2, aes, erms, clmul, bmi1, bmi2, adx, sha, fma, vzeroupper, clflush, clflushopt, clwb, hv

Memory: 4k page, system-wide physical 7916M (22M free)
TotalPageFile size 21805M (AvailPageFile size 0M)
current process WorkingSet (physical memory assigned to process): 355M, peak: 503M
current process commit charge ("private bytes"): 649M, peak: 664M

vm_info: Java HotSpot(TM) 64-Bit Server VM (17.0.10+11-LTS-240) for windows-amd64 JRE (17.0.10+11-LTS-240), built on Dec 19 2023 21:47:25 by "mach5one" with MS VC++ 17.1 (VS2022)

END.
